#
# A fatal error has been detected by the Java Runtime Environment:
#
#  SIGSEGV (0xb) at pc=0x0000000108765ab8, pid=19438, tid=0x0000000000007203
#
# JRE version: OpenJDK Runtime Environment (8.0_275) (build 1.8.0_275-bre_2020_11_16_16_29-b00)
# Java VM: OpenJDK 64-Bit Server VM (25.275-b00 mixed mode bsd-amd64 compressed oops)
# Problematic frame:
# V  [libjvm.dylib+0x565ab8]  Unsafe_GetByte+0xcd
#
# Failed to write core dump. Core dumps have been disabled. To enable core dumping, try "ulimit -c unlimited" before starting Java again
#
# If you would like to submit a bug report, please visit:
#   http://bugreport.java.com/bugreport/crash.jsp
#

---------------  T H R E A D  ---------------

Current thread (0x00000001271a8b00):  JavaThread "SSTableBatchOpen:3" daemon [_thread_in_vm, id=29187, stack(0x000070000e32f000,0x000070000e36f000)]

siginfo: si_signo: 11 (SIGSEGV), si_code: 1 (SEGV_MAPERR), si_addr: 0x0000000000000000

Registers:
RAX=0x0000000108900140, RBX=0x00000001271a8b00, RCX=0x000000012fc503ba, RDX=0x0000000000000000
RSP=0x000070000e36df10, RBP=0x000070000e36df40, RSI=0x000070000e36dff0, RDI=0x00000001271a8d50
R8 =0x0000000000000001, R9 =0x0000000000000000, R10=0x000000010a0ea13b, R11=0x00000001086e59f3
R12=0x0000000000000000, R13=0x000000012007ddd0, R14=0x000000012fc503ba, R15=0x0000000000000000
RIP=0x0000000108765ab8, EFLAGS=0x0000000000010246, ERR=0x0000000000000004
  TRAPNO=0x000000000000000e

Top of Stack: (sp=0x000070000e36df10)
0x000070000e36df10:   000000003f800000 00000001271a8b00
0x000070000e36df20:   00000001271a8b00 000000012007ddd0
0x000070000e36df30:   000070000e36dff0 00000001271a8b00
0x000070000e36df40:   000070000e36dfb8 000000010a0ea167
0x000070000e36df50:   0000000000000000 0000000000000000
0x000070000e36df60:   0000000000000000 0000000000000000
0x000070000e36df70:   0000000127ba73e8 000070000e36df78
0x000070000e36df80:   0000000000000000 000070000e36dff0
0x000070000e36df90:   00000001200ad9d0 0000000000000000
0x000070000e36dfa0:   000000012007ddd0 0000000000000000
0x000070000e36dfb0:   000070000e36dfd8 000070000e36e048
0x000070000e36dfc0:   000000010a0d9700 0000000000000000
0x000070000e36dfd0:   000000010a0e390e 000000012fc503ba
0x000070000e36dfe0:   00000006e2dbee20 0000000000000000
0x000070000e36dff0:   00000006c00089b8 0000000000000000
0x000070000e36e000:   00000006e2dbef50 000070000e36e008
0x000070000e36e010:   00000001279c6c5b 000070000e36e088
0x000070000e36e020:   000000012791e248 0000000000000000
0x000070000e36e030:   00000001279c6cd0 000070000e36dfd8
0x000070000e36e040:   000070000e36e060 000070000e36e0d0
0x000070000e36e050:   000000010a0d9ffd 0000000000000000
0x000070000e36e060:   0000000000000004 0000000000000000
0x000070000e36e070:   00000006e2dbef50 000000012fc503ba
0x000070000e36e080:   000000010a0d97d0 0000000000000000
0x000070000e36e090:   000070000e36e090 00000001279c68bf
0x000070000e36e0a0:   000070000e36e108 000000012791e248
0x000070000e36e0b0:   0000000000000000 00000001279c6918
0x000070000e36e0c0:   000070000e36e060 000070000e36e0e0
0x000070000e36e0d0:   000070000e36e150 000000010a0da042
0x000070000e36e0e0:   0000000000000004 0000000000000000
0x000070000e36e0f0:   00000006e2dbef50 00000000000003ba
0x000070000e36e100:   00000006e2d9ef00 00000006cbcfdad8 

Instructions: (pc=0x0000000108765ab8)
0x0000000108765a98:   00 30 74 08 48 89 df e8 50 97 fe ff c7 83 c8 02
0x0000000108765aa8:   00 00 06 00 00 00 48 89 5d e0 41 f6 c7 01 75 05
0x0000000108765ab8:   49 8b 07 eb 08 4c 89 ff e8 55 2e dd ff 42 0f be
0x0000000108765ac8:   1c 30 48 8d 7d e0 e8 91 b9 d9 ff 48 8d 7d d8 e8 

Register to memory mapping:

RAX=0x0000000108900140: _ZN20SafepointSynchronize6_stateE+0 in /usr/local/Cellar/openjdk@8/1.8.0+275/libexec/openjdk.jdk/Contents/Home/jre/lib/server/libjvm.dylib at 0x0000000108200000
RBX=0x00000001271a8b00 is a thread
RCX=0x000000012fc503ba is an unknown value
RDX=0x0000000000000000 is an unknown value
RSP=0x000070000e36df10 is pointing into the stack for thread: 0x00000001271a8b00
RBP=0x000070000e36df40 is pointing into the stack for thread: 0x00000001271a8b00
RSI=0x000070000e36dff0 is pointing into the stack for thread: 0x00000001271a8b00
RDI=0x00000001271a8d50 is an unknown value
R8 =0x0000000000000001 is an unknown value
R9 =0x0000000000000000 is an unknown value
R10=0x000000010a0ea13b is at code_begin+859 in an Interpreter codelet
method entry point (kind = native)  [0x000000010a0e9de0, 0x000000010a0ea760]  2432 bytes
R11=0x00000001086e59f3: throw_unsatisfied_link_error+0 in /usr/local/Cellar/openjdk@8/1.8.0+275/libexec/openjdk.jdk/Contents/Home/jre/lib/server/libjvm.dylib at 0x0000000108200000
R12=0x0000000000000000 is an unknown value
R13={method} {0x000000012007ddd0} 'getByte' '(Ljava/lang/Object;J)B' in 'sun/misc/Unsafe'
R14=0x000000012fc503ba is an unknown value
R15=0x0000000000000000 is an unknown value


Stack: [0x000070000e32f000,0x000070000e36f000],  sp=0x000070000e36df10,  free space=251k
Native frames: (J=compiled Java code, j=interpreted, Vv=VM code, C=native code)
V  [libjvm.dylib+0x565ab8]  Unsafe_GetByte+0xcd
j  sun.misc.Unsafe.getByte(Ljava/lang/Object;J)B+0
j  org.apache.cassandra.utils.FastByteOperations$UnsafeOperations.copy(Ljava/lang/Object;J[BII)V+35
j  org.apache.cassandra.utils.FastByteOperations$UnsafeOperations.copy(Ljava/nio/ByteBuffer;I[BII)V+47
j  org.apache.cassandra.utils.FastByteOperations.copy(Ljava/nio/ByteBuffer;I[BII)V+9
j  org.apache.cassandra.io.util.RebufferingInputStream.read([BII)I+137
j  org.apache.cassandra.io.util.RebufferingInputStream.readFully([BII)V+4
j  org.apache.cassandra.io.util.RebufferingInputStream.readFully([B)V+5
j  org.apache.cassandra.utils.ByteBufferUtil.read(Ljava/io/DataInput;I)Ljava/nio/ByteBuffer;+14
j  org.apache.cassandra.utils.ByteBufferUtil.readWithVIntLength(Lorg/apache/cassandra/io/util/DataInputPlus;)Ljava/nio/ByteBuffer;+24
j  org.apache.cassandra.db.SerializationHeader$Serializer.readColumnsWithType(Lorg/apache/cassandra/io/util/DataInputPlus;Ljava/util/Map;)V+18
j  org.apache.cassandra.db.SerializationHeader$Serializer.deserialize(Lorg/apache/cassandra/io/sstable/format/Version;Lorg/apache/cassandra/io/util/DataInputPlus;)Lorg/apache/cassandra/db/SerializationHeader$Component;+93
j  org.apache.cassandra.db.SerializationHeader$Serializer.deserialize(Lorg/apache/cassandra/io/sstable/format/Version;Lorg/apache/cassandra/io/util/DataInputPlus;)Lorg/apache/cassandra/io/sstable/metadata/MetadataComponent;+3
j  org.apache.cassandra.io.sstable.metadata.MetadataSerializer.deserialize(Lorg/apache/cassandra/io/sstable/Descriptor;Lorg/apache/cassandra/io/util/FileDataInput;Ljava/util/EnumSet;)Ljava/util/Map;+146
j  org.apache.cassandra.io.sstable.metadata.MetadataSerializer.deserialize(Lorg/apache/cassandra/io/sstable/Descriptor;Ljava/util/EnumSet;)Ljava/util/Map;+87
j  org.apache.cassandra.io.sstable.format.SSTableReader.open(Lorg/apache/cassandra/io/sstable/Descriptor;Ljava/util/Set;Lorg/apache/cassandra/config/CFMetaData;ZZ)Lorg/apache/cassandra/io/sstable/format/SSTableReader;+170
j  org.apache.cassandra.io.sstable.format.SSTableReader.open(Lorg/apache/cassandra/io/sstable/Descriptor;Ljava/util/Set;Lorg/apache/cassandra/config/CFMetaData;)Lorg/apache/cassandra/io/sstable/format/SSTableReader;+5
j  org.apache.cassandra.io.sstable.format.SSTableReader$3.run()V+28
j  java.util.concurrent.Executors$RunnableAdapter.call()Ljava/lang/Object;+4
j  java.util.concurrent.FutureTask.run()V+42
j  java.util.concurrent.ThreadPoolExecutor.runWorker(Ljava/util/concurrent/ThreadPoolExecutor$Worker;)V+95
j  java.util.concurrent.ThreadPoolExecutor$Worker.run()V+5
j  org.apache.cassandra.concurrent.NamedThreadFactory.lambda$threadLocalDeallocator$0(Ljava/lang/Runnable;)V+1
j  org.apache.cassandra.concurrent.NamedThreadFactory$$Lambda$5.run()V+4
j  java.lang.Thread.run()V+11
v  ~StubRoutines::call_stub
V  [libjvm.dylib+0x2ccedb]  JavaCalls::call_helper(JavaValue*, methodHandle*, JavaCallArguments*, Thread*)+0x689
V  [libjvm.dylib+0x2cbd4e]  JavaCalls::call_virtual(JavaValue*, KlassHandle, Symbol*, Symbol*, JavaCallArguments*, Thread*)+0x148
V  [libjvm.dylib+0x2cbf2f]  JavaCalls::call_virtual(JavaValue*, Handle, KlassHandle, Symbol*, Symbol*, Thread*)+0x57
V  [libjvm.dylib+0x347a29]  thread_entry(JavaThread*, Thread*)+0x78
V  [libjvm.dylib+0x54db2c]  JavaThread::thread_main_inner()+0x82
V  [libjvm.dylib+0x54d9f1]  JavaThread::run()+0x169
V  [libjvm.dylib+0x484577]  java_start(Thread*)+0xfa
C  [libsystem_pthread.dylib+0x5e65]  _pthread_start+0x94
C  [libsystem_pthread.dylib+0x183b]  thread_start+0xf
C  0x0000000000000000

Java frames: (J=compiled Java code, j=interpreted, Vv=VM code)
j  sun.misc.Unsafe.getByte(Ljava/lang/Object;J)B+0
j  org.apache.cassandra.utils.FastByteOperations$UnsafeOperations.copy(Ljava/lang/Object;J[BII)V+35
j  org.apache.cassandra.utils.FastByteOperations$UnsafeOperations.copy(Ljava/nio/ByteBuffer;I[BII)V+47
j  org.apache.cassandra.utils.FastByteOperations.copy(Ljava/nio/ByteBuffer;I[BII)V+9
j  org.apache.cassandra.io.util.RebufferingInputStream.read([BII)I+137
j  org.apache.cassandra.io.util.RebufferingInputStream.readFully([BII)V+4
j  org.apache.cassandra.io.util.RebufferingInputStream.readFully([B)V+5
j  org.apache.cassandra.utils.ByteBufferUtil.read(Ljava/io/DataInput;I)Ljava/nio/ByteBuffer;+14
j  org.apache.cassandra.utils.ByteBufferUtil.readWithVIntLength(Lorg/apache/cassandra/io/util/DataInputPlus;)Ljava/nio/ByteBuffer;+24
j  org.apache.cassandra.db.SerializationHeader$Serializer.readColumnsWithType(Lorg/apache/cassandra/io/util/DataInputPlus;Ljava/util/Map;)V+18
j  org.apache.cassandra.db.SerializationHeader$Serializer.deserialize(Lorg/apache/cassandra/io/sstable/format/Version;Lorg/apache/cassandra/io/util/DataInputPlus;)Lorg/apache/cassandra/db/SerializationHeader$Component;+93
j  org.apache.cassandra.db.SerializationHeader$Serializer.deserialize(Lorg/apache/cassandra/io/sstable/format/Version;Lorg/apache/cassandra/io/util/DataInputPlus;)Lorg/apache/cassandra/io/sstable/metadata/MetadataComponent;+3
j  org.apache.cassandra.io.sstable.metadata.MetadataSerializer.deserialize(Lorg/apache/cassandra/io/sstable/Descriptor;Lorg/apache/cassandra/io/util/FileDataInput;Ljava/util/EnumSet;)Ljava/util/Map;+146
j  org.apache.cassandra.io.sstable.metadata.MetadataSerializer.deserialize(Lorg/apache/cassandra/io/sstable/Descriptor;Ljava/util/EnumSet;)Ljava/util/Map;+87
j  org.apache.cassandra.io.sstable.format.SSTableReader.open(Lorg/apache/cassandra/io/sstable/Descriptor;Ljava/util/Set;Lorg/apache/cassandra/config/CFMetaData;ZZ)Lorg/apache/cassandra/io/sstable/format/SSTableReader;+170
j  org.apache.cassandra.io.sstable.format.SSTableReader.open(Lorg/apache/cassandra/io/sstable/Descriptor;Ljava/util/Set;Lorg/apache/cassandra/config/CFMetaData;)Lorg/apache/cassandra/io/sstable/format/SSTableReader;+5
j  org.apache.cassandra.io.sstable.format.SSTableReader$3.run()V+28
j  java.util.concurrent.Executors$RunnableAdapter.call()Ljava/lang/Object;+4
j  java.util.concurrent.FutureTask.run()V+42
j  java.util.concurrent.ThreadPoolExecutor.runWorker(Ljava/util/concurrent/ThreadPoolExecutor$Worker;)V+95
j  java.util.concurrent.ThreadPoolExecutor$Worker.run()V+5
j  org.apache.cassandra.concurrent.NamedThreadFactory.lambda$threadLocalDeallocator$0(Ljava/lang/Runnable;)V+1
j  org.apache.cassandra.concurrent.NamedThreadFactory$$Lambda$5.run()V+4
j  java.lang.Thread.run()V+11
v  ~StubRoutines::call_stub

---------------  P R O C E S S  ---------------

Java Threads: ( => current thread )
  0x000000012f3f0a00 JavaThread "LocalPool-Cleaner" daemon [_thread_blocked, id=30467, stack(0x000070000e4c1000,0x000070000e501000)]
  0x000000012f3f0500 JavaThread "Reference-Reaper" daemon [_thread_blocked, id=30211, stack(0x000070000e47e000,0x000070000e4be000)]
  0x000000012a32cf00 JavaThread "SSTableBatchOpen:7" daemon [_thread_blocked, id=35843, stack(0x000070000e43b000,0x000070000e47b000)]
  0x000000012a32ca00 JavaThread "SSTableBatchOpen:6" daemon [_thread_blocked, id=36355, stack(0x000070000e3f8000,0x000070000e438000)]
  0x000000012a32c500 JavaThread "SSTableBatchOpen:5" daemon [_thread_blocked, id=36611, stack(0x000070000e3b5000,0x000070000e3f5000)]
  0x000000012a32c000 JavaThread "SSTableBatchOpen:4" daemon [_thread_blocked, id=29699, stack(0x000070000e372000,0x000070000e3b2000)]
=>0x00000001271a8b00 JavaThread "SSTableBatchOpen:3" daemon [_thread_in_vm, id=29187, stack(0x000070000e32f000,0x000070000e36f000)]
  0x00000001271a8600 JavaThread "SSTableBatchOpen:2" daemon [_thread_blocked, id=37123, stack(0x000070000e2ec000,0x000070000e32c000)]
  0x00000001271a8100 JavaThread "SSTableBatchOpen:1" daemon [_thread_in_vm, id=37379, stack(0x000070000e2a9000,0x000070000e2e9000)]
  0x00000001271a7c00 JavaThread "OptionalTasks:1" daemon [_thread_blocked, id=28163, stack(0x000070000e266000,0x000070000e2a6000)]
  0x00000001271a7700 JavaThread "PERIODIC-COMMIT-LOG-SYNCER" [_thread_blocked, id=27143, stack(0x000070000e19d000,0x000070000e1dd000)]
  0x00000001271a7200 JavaThread "COMMIT-LOG-ALLOCATOR" [_thread_blocked, id=27651, stack(0x000070000e223000,0x000070000e263000)]
  0x00000001271a6d00 JavaThread "SlabPoolCleaner" daemon [_thread_blocked, id=27395, stack(0x000070000e1e0000,0x000070000e220000)]
  0x00000001271a6300 JavaThread "SecondaryIndexManagement:1" daemon [_thread_blocked, id=26627, stack(0x000070000e15a000,0x000070000e19a000)]
  0x00000001271a5e00 JavaThread "MemtableReclaimMemory:1" daemon [_thread_blocked, id=38147, stack(0x000070000e117000,0x000070000e157000)]
  0x00000001271a5900 JavaThread "MemtablePostFlush:1" daemon [_thread_blocked, id=38659, stack(0x000070000e0d4000,0x000070000e114000)]
  0x00000001271a5400 JavaThread "PerDiskMemtableFlushWriter_0:2" daemon [_thread_blocked, id=38915, stack(0x000070000e091000,0x000070000e0d1000)]
  0x00000001271a4f00 JavaThread "PerDiskMemtableFlushWriter_0:1" daemon [_thread_blocked, id=39171, stack(0x000070000e04e000,0x000070000e08e000)]
  0x00000001271a4a00 JavaThread "MemtableFlushWriter:2" daemon [_thread_blocked, id=39427, stack(0x000070000e00b000,0x000070000e04b000)]
  0x00000001271a4500 JavaThread "MemtableFlushWriter:1" daemon [_thread_blocked, id=25347, stack(0x000070000dfc8000,0x000070000e008000)]
  0x0000000126ab4500 JavaThread "EXPIRING-MAP-REAPER:1" daemon [_thread_blocked, id=25091, stack(0x000070000df85000,0x000070000dfc5000)]
  0x0000000123f78c00 JavaThread "RMI TCP Accept-0" daemon [_thread_in_native, id=24835, stack(0x000070000df42000,0x000070000df82000)]
  0x0000000123f78700 JavaThread "RMI TCP Accept-7199" daemon [_thread_in_native, id=40451, stack(0x000070000deff000,0x000070000df3f000)]
  0x0000000123f78200 JavaThread "ScheduledTasks:1" daemon [_thread_blocked, id=24323, stack(0x000070000debc000,0x000070000defc000)]
  0x0000000123f77300 JavaThread "AsyncAppender-Worker-ASYNCDEBUGLOG" daemon [_thread_blocked, id=23811, stack(0x000070000de79000,0x000070000deb9000)]
  0x0000000123f76400 JavaThread "Service Thread" daemon [_thread_blocked, id=41219, stack(0x000070000dd33000,0x000070000dd73000)]
  0x0000000123f75f00 JavaThread "C1 CompilerThread3" daemon [_thread_blocked, id=22787, stack(0x000070000dc30000,0x000070000dd30000)]
  0x0000000123f75a00 JavaThread "C2 CompilerThread2" daemon [_thread_blocked, id=41731, stack(0x000070000db2d000,0x000070000dc2d000)]
  0x0000000123f75500 JavaThread "C2 CompilerThread1" daemon [_thread_blocked, id=22275, stack(0x000070000da2a000,0x000070000db2a000)]
  0x0000000123f75000 JavaThread "C2 CompilerThread0" daemon [_thread_blocked, id=42243, stack(0x000070000d927000,0x000070000da27000)]
  0x00000001066be800 JavaThread "Signal Dispatcher" daemon [_thread_blocked, id=42755, stack(0x000070000d8e4000,0x000070000d924000)]
  0x00000001066bf200 JavaThread "Surrogate Locker Thread (Concurrent GC)" daemon [_thread_blocked, id=43267, stack(0x000070000d8a1000,0x000070000d8e1000)]
  0x00000001066bde00 JavaThread "Finalizer" daemon [_thread_blocked, id=17923, stack(0x000070000d758000,0x000070000d798000)]
  0x00000001066bd900 JavaThread "Reference Handler" daemon [_thread_blocked, id=18179, stack(0x000070000d715000,0x000070000d755000)]
  0x00000001066bc500 JavaThread "main" [_thread_blocked, id=9219, stack(0x000070000c7a5000,0x000070000c7e5000)]

Other Threads:
  0x00000001067dea80 VMThread [stack: 0x000070000d612000,0x000070000d712000] [id=13059]
  0x00000001067df200 WatcherThread [stack: 0x000070000dd76000,0x000070000de76000] [id=23299]

VM state:not at safepoint (normal execution)

VM Mutex/Monitor currently owned by a thread: None

heap address: 0x00000006c0000000, size: 4096 MB, Compressed Oops mode: Zero based, Oop shift amount: 3
Narrow klass base: 0x0000000000000000, Narrow klass shift: 3
Compressed class space size: 1073741824 Address: 0x00000007c0000000

Heap:
 par new generation   total 943744K, used 638099K [0x00000006c0000000, 0x0000000700000000, 0x0000000700000000)
  eden space 838912K,  76% used [0x00000006c0000000, 0x00000006e6f24c78, 0x00000006f3340000)
  from space 104832K,   0% used [0x00000006f3340000, 0x00000006f3340000, 0x00000006f99a0000)
  to   space 104832K,   0% used [0x00000006f99a0000, 0x00000006f99a0000, 0x0000000700000000)
 concurrent mark-sweep generation total 3145728K, used 0K [0x0000000700000000, 0x00000007c0000000, 0x00000007c0000000)
 Metaspace       used 27461K, capacity 27954K, committed 28192K, reserved 1075200K
  class space    used 3279K, capacity 3443K, committed 3452K, reserved 1048576K

Card table byte_map: [0x00000001091c0000,0x00000001099c1000] byte_map_base: 0x0000000105bc0000

Marking Bits: (CMSBitMap*) 0x0000000108bf4348
 Bits: [0x0000000119b0b000, 0x000000011cb0b000)

Mod Union Table: (CMSBitMap*) 0x0000000108bf4408
 Bits: [0x000000011cb0c000, 0x000000011cbcc000)

Polling page: 0x000000010673d000

CodeCache: size=245760Kb used=7330Kb max_used=7330Kb free=238429Kb
 bounds [0x000000010a0d2000, 0x000000010a802000, 0x00000001190d2000]
 total_blobs=2770 nmethods=2319 adapters=364
 compilation: enabled

Compilation events (10 events):
Event: 6.564 Thread 0x0000000123f75f00 nmethod 2305 0x000000010a7ef710 code [0x000000010a7ef8c0, 0x000000010a7efdb8]
Event: 6.564 Thread 0x0000000123f75f00 2307       3       java.util.TreeMap::entrySet (27 bytes)
Event: 6.564 Thread 0x0000000123f75a00 nmethod 2306 0x000000010a7eb390 code [0x000000010a7eb4e0, 0x000000010a7eb638]
Event: 6.564 Thread 0x0000000123f75f00 nmethod 2307 0x000000010a7ef010 code [0x000000010a7ef1a0, 0x000000010a7ef550]
Event: 6.566 Thread 0x0000000123f75f00 2308       3       com.google.common.collect.ImmutableCollection::<init> (5 bytes)
Event: 6.566 Thread 0x0000000123f75000 2309       4       java.util.concurrent.ConcurrentHashMap$Node::<init> (26 bytes)
Event: 6.566 Thread 0x0000000123f75f00 nmethod 2308 0x000000010a7eead0 code [0x000000010a7eec40, 0x000000010a7eee50]
Event: 6.567 Thread 0x0000000123f75000 nmethod 2309 0x000000010a7ebf50 code [0x000000010a7ec0a0, 0x000000010a7ec198]
Event: 6.570 Thread 0x0000000123f75f00 2310       3       org.apache.cassandra.db.marshal.TypeParser::isEOS (14 bytes)
Event: 6.570 Thread 0x0000000123f75a00 2313       4       java.nio.charset.CoderResult::isUnderflow (13 bytes)

GC Heap History (0 events):
No events

Deoptimization events (10 events):
Event: 6.562 Thread 0x00000001271a8100 Uncommon trap: reason=unstable_if action=reinterpret pc=0x000000010a57c26c method=java.util.concurrent.ConcurrentHashMap.putVal(Ljava/lang/Object;Ljava/lang/Object;Z)Ljava/lang/Object; @ 98
Event: 6.562 Thread 0x00000001271a8b00 Uncommon trap: reason=unstable_if action=reinterpret pc=0x000000010a57c26c method=java.util.concurrent.ConcurrentHashMap.putVal(Ljava/lang/Object;Ljava/lang/Object;Z)Ljava/lang/Object; @ 98
Event: 6.562 Thread 0x00000001271a8600 Uncommon trap: reason=unstable_if action=reinterpret pc=0x000000010a57c26c method=java.util.concurrent.ConcurrentHashMap.putVal(Ljava/lang/Object;Ljava/lang/Object;Z)Ljava/lang/Object; @ 98
Event: 6.562 Thread 0x000000012a32c000 Uncommon trap: reason=unstable_if action=reinterpret pc=0x000000010a57c26c method=java.util.concurrent.ConcurrentHashMap.putVal(Ljava/lang/Object;Ljava/lang/Object;Z)Ljava/lang/Object; @ 98
Event: 6.568 Thread 0x000000012a32c500 Uncommon trap: reason=unstable_if action=reinterpret pc=0x000000010a762fa8 method=java.lang.reflect.Field.get(Ljava/lang/Object;)Ljava/lang/Object; @ 4
Event: 6.568 Thread 0x000000012a32ca00 Uncommon trap: reason=unstable_if action=reinterpret pc=0x000000010a762fa8 method=java.lang.reflect.Field.get(Ljava/lang/Object;)Ljava/lang/Object; @ 4
Event: 6.568 Thread 0x000000012a32cf00 Uncommon trap: reason=unstable_if action=reinterpret pc=0x000000010a762fa8 method=java.lang.reflect.Field.get(Ljava/lang/Object;)Ljava/lang/Object; @ 4
Event: 6.568 Thread 0x00000001271a8600 Uncommon trap: reason=unstable_if action=reinterpret pc=0x000000010a762fa8 method=java.lang.reflect.Field.get(Ljava/lang/Object;)Ljava/lang/Object; @ 4
Event: 6.568 Thread 0x000000012a32c000 Uncommon trap: reason=unstable_if action=reinterpret pc=0x000000010a762fa8 method=java.lang.reflect.Field.get(Ljava/lang/Object;)Ljava/lang/Object; @ 4
Event: 6.569 Thread 0x00000001271a8100 Uncommon trap: reason=unstable_if action=reinterpret pc=0x000000010a762fa8 method=java.lang.reflect.Field.get(Ljava/lang/Object;)Ljava/lang/Object; @ 4

Classes redefined (0 events):
No events

Internal exceptions (10 events):
Event: 3.644 Thread 0x00000001066bc500 Exception <a 'java/lang/ClassNotFoundException': org/apache/cassandra/config/TransparentDataEncryptionOptionsCustomizer> (0x00000006c5abe088) thrown at [/private/tmp/openjdk@8-20201116-57355-gyhtg9/jdk8u275-ga/hotspot/src/share/vm/classfile/systemDictiona
Event: 3.645 Thread 0x00000001066bc500 Exception <a 'java/lang/ClassNotFoundException': org/apache/cassandra/config/ReplicaFilteringProtectionOptionsBeanInfo> (0x00000006c5ad8128) thrown at [/private/tmp/openjdk@8-20201116-57355-gyhtg9/jdk8u275-ga/hotspot/src/share/vm/classfile/systemDictionar
Event: 3.645 Thread 0x00000001066bc500 Exception <a 'java/lang/ClassNotFoundException': org/apache/cassandra/config/ReplicaFilteringProtectionOptionsCustomizer> (0x00000006c5aebfd0) thrown at [/private/tmp/openjdk@8-20201116-57355-gyhtg9/jdk8u275-ga/hotspot/src/share/vm/classfile/systemDiction
Event: 3.661 Thread 0x00000001066bc500 Exception <a 'sun/nio/fs/UnixException'> (0x00000006c5b9d670) thrown at [/private/tmp/openjdk@8-20201116-57355-gyhtg9/jdk8u275-ga/hotspot/src/share/vm/prims/jni.cpp, line 711]
Event: 4.217 Thread 0x00000001066bc500 Exception <a 'java/lang/ClassNotFoundException': javax/management/remote/rmi/RMIServerImpl_Skel> (0x00000006c73f8828) thrown at [/private/tmp/openjdk@8-20201116-57355-gyhtg9/jdk8u275-ga/hotspot/src/share/vm/classfile/systemDictionary.cpp, line 217]
Event: 4.492 Thread 0x00000001066bc500 Exception <a 'com/sun/jna/LastErrorException': [78] Function not implemented> (0x00000006c76e8280) thrown at [/private/tmp/openjdk@8-20201116-57355-gyhtg9/jdk8u275-ga/hotspot/src/share/vm/prims/jni.cpp, line 738]
Event: 4.519 Thread 0x00000001066bc500 Exception <a 'java/lang/UnsatisfiedLinkError': org.hyperic.sigar.Sigar.open()V> (0x00000006c77dc6f8) thrown at [/private/tmp/openjdk@8-20201116-57355-gyhtg9/jdk8u275-ga/hotspot/src/share/vm/prims/nativeLookup.cpp, line 506]
Event: 4.524 Thread 0x00000001066bc500 Exception <a 'java/lang/UnsatisfiedLinkError': org.hyperic.sigar.Sigar.getFileSystemListNative()[Lorg/hyperic/sigar/FileSystem;> (0x00000006c77e4788) thrown at [/private/tmp/openjdk@8-20201116-57355-gyhtg9/jdk8u275-ga/hotspot/src/share/vm/prims/nativeLook
Event: 5.013 Thread 0x00000001066bc500 Exception <a 'java/lang/NoSuchMethodError': java.lang.Object.lambda$static$0(Ljava/lang/Object;Ljava/lang/Object;)Ljava/lang/Object;> (0x00000006cbbad950) thrown at [/private/tmp/openjdk@8-20201116-57355-gyhtg9/jdk8u275-ga/hotspot/src/share/vm/interpreter
Event: 5.195 Thread 0x00000001066bc500 Exception <a 'java/lang/NoSuchMethodError': java.lang.Object.lambda$isEqual$3(Ljava/lang/Object;Ljava/lang/Object;)Z> (0x00000006cc484c98) thrown at [/private/tmp/openjdk@8-20201116-57355-gyhtg9/jdk8u275-ga/hotspot/src/share/vm/interpreter/linkResolver.cp

Events (10 events):
Event: 6.568 Thread 0x000000012a32c000 DEOPT UNPACKING pc=0x000000010a11747a sp=0x000070000e3b1240 mode 2
Event: 6.568 Thread 0x000000012a32ca00 DEOPT UNPACKING pc=0x000000010a11747a sp=0x000070000e437240 mode 2
Event: 6.568 Thread 0x00000001271a8100 Uncommon trap: trap_request=0xffffff65 fr.pc=0x000000010a762fa8
Event: 6.569 Thread 0x00000001271a8100 DEOPT PACKING pc=0x000000010a762fa8 sp=0x000070000e2e8260
Event: 6.569 Thread 0x00000001271a8100 DEOPT UNPACKING pc=0x000000010a11747a sp=0x000070000e2e8240 mode 2
Event: 6.569 loading class com/google/common/base/Verify
Event: 6.569 loading class com/google/common/base/Verify done
Event: 6.568 Thread 0x000000012a32c500 DEOPT UNPACKING pc=0x000000010a11747a sp=0x000070000e3f4240 mode 2
Event: 6.570 loading class com/google/common/base/VerifyException
Event: 6.570 loading class com/google/common/base/VerifyException done


Dynamic libraries:
0x0000000105ced000 	/usr/local/Cellar/jemalloc/5.2.1_1/lib/libjemalloc.2.dylib
0x00007fff3997a000 	/System/Library/Frameworks/Cocoa.framework/Versions/A/Cocoa
0x00007fff46f48000 	/System/Library/Frameworks/Security.framework/Versions/A/Security
0x00007fff38904000 	/System/Library/Frameworks/ApplicationServices.framework/Versions/A/ApplicationServices
0x00007fff71375000 	/usr/lib/libz.1.dylib
0x00007fff6ee44000 	/usr/lib/libSystem.B.dylib
0x00007fff3a8f1000 	/System/Library/Frameworks/CoreFoundation.framework/Versions/A/CoreFoundation
0x00007fff3cfb6000 	/System/Library/Frameworks/Foundation.framework/Versions/C/Foundation
0x00007fff70c99000 	/usr/lib/libobjc.A.dylib
0x00007fff37af9000 	/System/Library/Frameworks/AppKit.framework/Versions/C/AppKit
0x00007fff3a3fd000 	/System/Library/Frameworks/CoreData.framework/Versions/A/CoreData
0x00007fff6b6ec000 	/System/Library/PrivateFrameworks/UIFoundation.framework/Versions/A/UIFoundation
0x00007fff65ec8000 	/System/Library/PrivateFrameworks/RemoteViewServices.framework/Versions/A/RemoteViewServices
0x00007fff6e17f000 	/System/Library/PrivateFrameworks/XCTTargetBootstrap.framework/Versions/A/XCTTargetBootstrap
0x00007fff3a7e0000 	/System/Library/Frameworks/CoreDisplay.framework/Versions/A/CoreDisplay
0x00007fff3fd2e000 	/System/Library/Frameworks/Metal.framework/Versions/A/Metal
0x00007fff542ce000 	/System/Library/PrivateFrameworks/DesktopServicesPriv.framework/Versions/A/DesktopServicesPriv
0x00007fff6ff7a000 	/usr/lib/liblangid.dylib
0x00007fff5341a000 	/System/Library/PrivateFrameworks/CoreSVG.framework/Versions/A/CoreSVG
0x00007fff68c8f000 	/System/Library/PrivateFrameworks/SkyLight.framework/Versions/A/SkyLight
0x00007fff3ad73000 	/System/Library/Frameworks/CoreGraphics.framework/Versions/A/CoreGraphics
0x00007fff36698000 	/System/Library/Frameworks/Accelerate.framework/Versions/A/Accelerate
0x00007fff71266000 	/usr/lib/libxml2.2.dylib
0x00007fff5eff2000 	/System/Library/PrivateFrameworks/IconServices.framework/Versions/A/IconServices
0x00007fff3d79b000 	/System/Library/Frameworks/IOSurface.framework/Versions/A/IOSurface
0x00007fff6e97c000 	/usr/lib/libDiagnosticMessagesClient.dylib
0x00007fff54147000 	/System/Library/PrivateFrameworks/DFRFoundation.framework/Versions/A/DFRFoundation
0x00007fff6fd08000 	/usr/lib/libicucore.A.dylib
0x00007fff38c36000 	/System/Library/Frameworks/AudioToolbox.framework/Versions/A/AudioToolbox
0x00007fff38d18000 	/System/Library/Frameworks/AudioUnit.framework/Versions/A/AudioUnit
0x00007fff6f045000 	/usr/lib/libauto.dylib
0x00007fff541c8000 	/System/Library/PrivateFrameworks/DataDetectorsCore.framework/Versions/A/DataDetectorsCore
0x00007fff3949a000 	/System/Library/Frameworks/Carbon.framework/Versions/A/Frameworks/HIToolbox.framework/Versions/A/HIToolbox
0x00007fff46179000 	/System/Library/Frameworks/QuartzCore.framework/Versions/A/QuartzCore
0x00007fff397d9000 	/System/Library/Frameworks/Carbon.framework/Versions/A/Frameworks/SpeechRecognition.framework/Versions/A/SpeechRecognition
0x00007fff53acd000 	/System/Library/PrivateFrameworks/CoreUI.framework/Versions/A/CoreUI
0x00007fff39e63000 	/System/Library/Frameworks/CoreAudio.framework/Versions/A/CoreAudio
0x00007fff3cc7e000 	/System/Library/Frameworks/DiskArbitration.framework/Versions/A/DiskArbitration
0x00007fff61007000 	/System/Library/PrivateFrameworks/MultitouchSupport.framework/Versions/A/MultitouchSupport
0x00007fff6fbce000 	/usr/lib/libenergytrace.dylib
0x00007fff3d6f6000 	/System/Library/Frameworks/IOKit.framework/Versions/A/IOKit
0x00007fff3bce1000 	/System/Library/Frameworks/CoreServices.framework/Versions/A/CoreServices
0x00007fff63114000 	/System/Library/PrivateFrameworks/PerformanceAnalysis.framework/Versions/A/PerformanceAnalysis
0x00007fff451af000 	/System/Library/Frameworks/OpenGL.framework/Versions/A/OpenGL
0x00007fff39988000 	/System/Library/Frameworks/ColorSync.framework/Versions/A/ColorSync
0x00007fff3b3fa000 	/System/Library/Frameworks/CoreImage.framework/Versions/A/CoreImage
0x00007fff3c757000 	/System/Library/Frameworks/CoreText.framework/Versions/A/CoreText
0x00007fff3d821000 	/System/Library/Frameworks/ImageIO.framework/Versions/A/ImageIO
0x00007fff6f12a000 	/usr/lib/libc++.1.dylib
0x00007fff6f1a6000 	/usr/lib/libcompression.dylib
0x00007fff6ecbe000 	/usr/lib/libMobileGestalt.dylib
0x00007fff6a7ce000 	/System/Library/PrivateFrameworks/TextureIO.framework/Versions/A/TextureIO
0x00007fff6efab000 	/usr/lib/libate.dylib
0x00007fff5f1fb000 	/System/Library/PrivateFrameworks/InternationalSupport.framework/Versions/A/InternationalSupport
0x00007fff71deb000 	/usr/lib/system/libcache.dylib
0x00007fff71df1000 	/usr/lib/system/libcommonCrypto.dylib
0x00007fff71dfd000 	/usr/lib/system/libcompiler_rt.dylib
0x00007fff71e05000 	/usr/lib/system/libcopyfile.dylib
0x00007fff71e0f000 	/usr/lib/system/libcorecrypto.dylib
0x00007fff71fbd000 	/usr/lib/system/libdispatch.dylib
0x00007fff71fff000 	/usr/lib/system/libdyld.dylib
0x00007fff72035000 	/usr/lib/system/libkeymgr.dylib
0x00007fff72043000 	/usr/lib/system/liblaunch.dylib
0x00007fff72044000 	/usr/lib/system/libmacho.dylib
0x00007fff7204a000 	/usr/lib/system/libquarantine.dylib
0x00007fff7204d000 	/usr/lib/system/libremovefile.dylib
0x00007fff7204f000 	/usr/lib/system/libsystem_asl.dylib
0x00007fff72067000 	/usr/lib/system/libsystem_blocks.dylib
0x00007fff72068000 	/usr/lib/system/libsystem_c.dylib
0x00007fff720f0000 	/usr/lib/system/libsystem_configuration.dylib
0x00007fff720f4000 	/usr/lib/system/libsystem_coreservices.dylib
0x00007fff720f8000 	/usr/lib/system/libsystem_darwin.dylib
0x00007fff72101000 	/usr/lib/system/libsystem_dnssd.dylib
0x00007fff72109000 	/usr/lib/system/libsystem_featureflags.dylib
0x00007fff7210b000 	/usr/lib/system/libsystem_info.dylib
0x00007fff72186000 	/usr/lib/system/libsystem_m.dylib
0x00007fff721ce000 	/usr/lib/system/libsystem_malloc.dylib
0x00007fff721f6000 	/usr/lib/system/libsystem_networkextension.dylib
0x00007fff72204000 	/usr/lib/system/libsystem_notify.dylib
0x00007fff72223000 	/usr/lib/system/libsystem_sandbox.dylib
0x00007fff72228000 	/usr/lib/system/libsystem_secinit.dylib
0x00007fff72159000 	/usr/lib/system/libsystem_kernel.dylib
0x00007fff7220e000 	/usr/lib/system/libsystem_platform.dylib
0x00007fff72218000 	/usr/lib/system/libsystem_pthread.dylib
0x00007fff7222b000 	/usr/lib/system/libsystem_symptoms.dylib
0x00007fff72233000 	/usr/lib/system/libsystem_trace.dylib
0x00007fff7224b000 	/usr/lib/system/libunwind.dylib
0x00007fff72251000 	/usr/lib/system/libxpc.dylib
0x00007fff6f17e000 	/usr/lib/libc++abi.dylib
0x00007fff6ff7c000 	/usr/lib/liblzma.5.dylib
0x00007fff6fbf6000 	/usr/lib/libfakelink.dylib
0x00007fff6ef38000 	/usr/lib/libarchive.2.dylib
0x00007fff480ea000 	/System/Library/Frameworks/SystemConfiguration.framework/Versions/A/SystemConfiguration
0x00007fff6e8ad000 	/usr/lib/libCRFSuite.dylib
0x00007fff3908e000 	/System/Library/Frameworks/CFNetwork.framework/Versions/A/CFNetwork
0x00007fff6f10c000 	/usr/lib/libbsm.0.dylib
0x00007fff72036000 	/usr/lib/system/libkxld.dylib
0x00007fff4dbfe000 	/System/Library/PrivateFrameworks/AppleFSCompression.framework/Versions/A/AppleFSCompression
0x00007fff6f48d000 	/usr/lib/libcoretls.dylib
0x00007fff6f4a4000 	/usr/lib/libcoretls_cfhelpers.dylib
0x00007fff70cdd000 	/usr/lib/libpam.2.dylib
0x00007fff70e10000 	/usr/lib/libsqlite3.dylib
0x00007fff71253000 	/usr/lib/libxar.1.dylib
0x00007fff6f11d000 	/usr/lib/libbz2.1.0.dylib
0x00007fff6fc17000 	/usr/lib/libiconv.2.dylib
0x00007fff6f193000 	/usr/lib/libcharset.1.dylib
0x00007fff70784000 	/usr/lib/libnetwork.dylib
0x00007fff70ce4000 	/usr/lib/libpcap.A.dylib
0x00007fff6eeed000 	/usr/lib/libapple_nghttp2.dylib
0x00007fff3c098000 	/System/Library/Frameworks/CoreServices.framework/Versions/A/Frameworks/FSEvents.framework/Versions/A/FSEvents
0x00007fff3bd68000 	/System/Library/Frameworks/CoreServices.framework/Versions/A/Frameworks/CarbonCore.framework/Versions/A/CarbonCore
0x00007fff3c2db000 	/System/Library/Frameworks/CoreServices.framework/Versions/A/Frameworks/Metadata.framework/Versions/A/Metadata
0x00007fff3c374000 	/System/Library/Frameworks/CoreServices.framework/Versions/A/Frameworks/OSServices.framework/Versions/A/OSServices
0x00007fff3c3a2000 	/System/Library/Frameworks/CoreServices.framework/Versions/A/Frameworks/SearchKit.framework/Versions/A/SearchKit
0x00007fff3bce2000 	/System/Library/Frameworks/CoreServices.framework/Versions/A/Frameworks/AE.framework/Versions/A/AE
0x00007fff3c0a1000 	/System/Library/Frameworks/CoreServices.framework/Versions/A/Frameworks/LaunchServices.framework/Versions/A/LaunchServices
0x00007fff3c04a000 	/System/Library/Frameworks/CoreServices.framework/Versions/A/Frameworks/DictionaryServices.framework/Versions/A/DictionaryServices
0x00007fff3c40a000 	/System/Library/Frameworks/CoreServices.framework/Versions/A/Frameworks/SharedFileList.framework/Versions/A/SharedFileList
0x00007fff41003000 	/System/Library/Frameworks/NetFS.framework/Versions/A/NetFS
0x00007fff61537000 	/System/Library/PrivateFrameworks/NetAuth.framework/Versions/A/NetAuth
0x00007fff6e54a000 	/System/Library/PrivateFrameworks/login.framework/Versions/A/Frameworks/loginsupport.framework/Versions/A/loginsupport
0x00007fff6a2c9000 	/System/Library/PrivateFrameworks/TCC.framework/Versions/A/TCC
0x00007fff527e9000 	/System/Library/PrivateFrameworks/CoreNLP.framework/Versions/A/CoreNLP
0x00007fff60a37000 	/System/Library/PrivateFrameworks/MetadataUtilities.framework/Versions/A/MetadataUtilities
0x00007fff70054000 	/usr/lib/libmecabra.dylib
0x00007fff6ffac000 	/usr/lib/libmecab.dylib
0x00007fff6fc07000 	/usr/lib/libgermantok.dylib
0x00007fff6eed4000 	/usr/lib/libThaiTokenizer.dylib
0x00007fff6e8e5000 	/usr/lib/libChineseTokenizer.dylib
0x00007fff366b0000 	/System/Library/Frameworks/Accelerate.framework/Versions/A/Frameworks/vImage.framework/Versions/A/vImage
0x00007fff37953000 	/System/Library/Frameworks/Accelerate.framework/Versions/A/Frameworks/vecLib.framework/Versions/A/vecLib
0x00007fff37897000 	/System/Library/Frameworks/Accelerate.framework/Versions/A/Frameworks/vecLib.framework/Versions/A/libvMisc.dylib
0x00007fff376bd000 	/System/Library/Frameworks/Accelerate.framework/Versions/A/Frameworks/vecLib.framework/Versions/A/libvDSP.dylib
0x00007fff36d1c000 	/System/Library/Frameworks/Accelerate.framework/Versions/A/Frameworks/vecLib.framework/Versions/A/libBLAS.dylib
0x00007fff37277000 	/System/Library/Frameworks/Accelerate.framework/Versions/A/Frameworks/vecLib.framework/Versions/A/libLAPACK.dylib
0x00007fff3761d000 	/System/Library/Frameworks/Accelerate.framework/Versions/A/Frameworks/vecLib.framework/Versions/A/libLinearAlgebra.dylib
0x00007fff376aa000 	/System/Library/Frameworks/Accelerate.framework/Versions/A/Frameworks/vecLib.framework/Versions/A/libSparseBLAS.dylib
0x00007fff37633000 	/System/Library/Frameworks/Accelerate.framework/Versions/A/Frameworks/vecLib.framework/Versions/A/libQuadrature.dylib
0x00007fff36f86000 	/System/Library/Frameworks/Accelerate.framework/Versions/A/Frameworks/vecLib.framework/Versions/A/libBNNS.dylib
0x00007fff37639000 	/System/Library/Frameworks/Accelerate.framework/Versions/A/Frameworks/vecLib.framework/Versions/A/libSparse.dylib
0x00007fff5f5ba000 	/System/Library/PrivateFrameworks/LanguageModeling.framework/Versions/A/LanguageModeling
0x00007fff52185000 	/System/Library/PrivateFrameworks/CoreEmoji.framework/Versions/A/CoreEmoji
0x00007fff5f6d8000 	/System/Library/PrivateFrameworks/LinguisticData.framework/Versions/A/LinguisticData
0x00007fff5f689000 	/System/Library/PrivateFrameworks/Lexicon.framework/Versions/A/Lexicon
0x00007fff6f194000 	/usr/lib/libcmph.dylib
0x00007fff43bd5000 	/System/Library/Frameworks/OpenDirectory.framework/Versions/A/Frameworks/CFOpenDirectory.framework/Versions/A/CFOpenDirectory
0x00007fff43bf2000 	/System/Library/Frameworks/OpenDirectory.framework/Versions/A/OpenDirectory
0x00007fff4bebf000 	/System/Library/PrivateFrameworks/APFS.framework/Versions/A/APFS
0x00007fff4729b000 	/System/Library/Frameworks/SecurityFoundation.framework/Versions/A/SecurityFoundation
0x00007fff7124f000 	/usr/lib/libutil.dylib
0x00007fff53472000 	/System/Library/PrivateFrameworks/CoreServicesStore.framework/Versions/A/CoreServicesStore
0x00007fff47353000 	/System/Library/Frameworks/ServiceManagement.framework/Versions/A/ServiceManagement
0x00007fff4f3b5000 	/System/Library/PrivateFrameworks/BackgroundTaskManagement.framework/Versions/A/BackgroundTaskManagement
0x00007fff7134c000 	/usr/lib/libxslt.1.dylib
0x00007fff4e263000 	/System/Library/PrivateFrameworks/AppleSystemInfo.framework/Versions/A/AppleSystemInfo
0x00007fff3da3e000 	/System/Library/Frameworks/ImageIO.framework/Versions/A/Resources/libJPEG.dylib
0x00007fff3dcfd000 	/System/Library/Frameworks/ImageIO.framework/Versions/A/Resources/libTIFF.dylib
0x00007fff3dce0000 	/System/Library/Frameworks/ImageIO.framework/Versions/A/Resources/libPng.dylib
0x00007fff3d97f000 	/System/Library/Frameworks/ImageIO.framework/Versions/A/Resources/libGIF.dylib
0x00007fff3d983000 	/System/Library/Frameworks/ImageIO.framework/Versions/A/Resources/libJP2.dylib
0x00007fff3dcfb000 	/System/Library/Frameworks/ImageIO.framework/Versions/A/Resources/libRadiance.dylib
0x00007fff6fbcf000 	/usr/lib/libexpat.1.dylib
0x00007fff4dd59000 	/System/Library/PrivateFrameworks/AppleJPEG.framework/Versions/A/AppleJPEG
0x00007fff566ec000 	/System/Library/PrivateFrameworks/FontServices.framework/libFontParser.dylib
0x00007fff6d5a1000 	/System/Library/PrivateFrameworks/WatchdogClient.framework/Versions/A/WatchdogClient
0x00007fff5ec47000 	/System/Library/PrivateFrameworks/IOAccelerator.framework/Versions/A/IOAccelerator
0x00007fff400bc000 	/System/Library/Frameworks/MetalPerformanceShaders.framework/Versions/A/MetalPerformanceShaders
0x00007fff5b43a000 	/System/Library/PrivateFrameworks/GPUWrangler.framework/Versions/A/GPUWrangler
0x00007fff5ec52000 	/System/Library/PrivateFrameworks/IOPresentment.framework/Versions/A/IOPresentment
0x00007fff5415a000 	/System/Library/PrivateFrameworks/DSExternalDisplay.framework/Versions/A/DSExternalDisplay
0x00007fff4455b000 	/System/Library/Frameworks/OpenGL.framework/Versions/A/Libraries/libCoreFSCache.dylib
0x00007fff3fe0e000 	/System/Library/Frameworks/MetalPerformanceShaders.framework/Frameworks/MPSCore.framework/Versions/A/MPSCore
0x00007fff3fe4b000 	/System/Library/Frameworks/MetalPerformanceShaders.framework/Frameworks/MPSImage.framework/Versions/A/MPSImage
0x00007fff3ff0d000 	/System/Library/Frameworks/MetalPerformanceShaders.framework/Frameworks/MPSNeuralNetwork.framework/Versions/A/MPSNeuralNetwork
0x00007fff3fed2000 	/System/Library/Frameworks/MetalPerformanceShaders.framework/Frameworks/MPSMatrix.framework/Versions/A/MPSMatrix
0x00007fff4006d000 	/System/Library/Frameworks/MetalPerformanceShaders.framework/Frameworks/MPSRayIntersector.framework/Versions/A/MPSRayIntersector
0x00007fff3fef7000 	/System/Library/Frameworks/MetalPerformanceShaders.framework/Frameworks/MPSNDArray.framework/Versions/A/MPSNDArray
0x00007fff60a84000 	/System/Library/PrivateFrameworks/MetalTools.framework/Versions/A/MetalTools
0x00007fff4d084000 	/System/Library/PrivateFrameworks/AggregateDictionary.framework/Versions/A/AggregateDictionary
0x00007fff51c0f000 	/System/Library/PrivateFrameworks/CoreAnalytics.framework/Versions/A/CoreAnalytics
0x00007fff4e181000 	/System/Library/PrivateFrameworks/AppleSauce.framework/Versions/A/AppleSauce
0x00007fff6eba1000 	/usr/lib/libIOReport.dylib
0x00007fff3c90c000 	/System/Library/Frameworks/CoreVideo.framework/Versions/A/CoreVideo
0x00007fff5c8a8000 	/System/Library/PrivateFrameworks/GraphVisualizer.framework/Versions/A/GraphVisualizer
0x00007fff55c6d000 	/System/Library/PrivateFrameworks/FaceCore.framework/Versions/A/FaceCore
0x00007fff43b7c000 	/System/Library/Frameworks/OpenCL.framework/Versions/A/OpenCL
0x00007fff6e9c3000 	/usr/lib/libFosl_dynamic.dylib
0x00007fff61f32000 	/System/Library/PrivateFrameworks/OTSVG.framework/Versions/A/OTSVG
0x00007fff38a09000 	/System/Library/Frameworks/ApplicationServices.framework/Versions/A/Frameworks/ATS.framework/Versions/A/Resources/libFontRegistry.dylib
0x00007fff568bd000 	/System/Library/PrivateFrameworks/FontServices.framework/libhvf.dylib
0x00007fff44566000 	/System/Library/Frameworks/OpenGL.framework/Versions/A/Libraries/libGFXShared.dylib
0x00007fff44743000 	/System/Library/Frameworks/OpenGL.framework/Versions/A/Libraries/libGLU.dylib
0x00007fff4456f000 	/System/Library/Frameworks/OpenGL.framework/Versions/A/Libraries/libGL.dylib
0x00007fff4457a000 	/System/Library/Frameworks/OpenGL.framework/Versions/A/Libraries/libGLImage.dylib
0x00007fff44558000 	/System/Library/Frameworks/OpenGL.framework/Versions/A/Libraries/libCVMSPluginSupport.dylib
0x00007fff44561000 	/System/Library/Frameworks/OpenGL.framework/Versions/A/Libraries/libCoreVMClient.dylib
0x00007fff70626000 	/usr/lib/libncurses.5.4.dylib
0x00007fff38905000 	/System/Library/Frameworks/ApplicationServices.framework/Versions/A/Frameworks/ATS.framework/Versions/A/ATS
0x00007fff38ad2000 	/System/Library/Frameworks/ApplicationServices.framework/Versions/A/Frameworks/ColorSyncLegacy.framework/Versions/A/ColorSyncLegacy
0x00007fff38b71000 	/System/Library/Frameworks/ApplicationServices.framework/Versions/A/Frameworks/HIServices.framework/Versions/A/HIServices
0x00007fff38bc8000 	/System/Library/Frameworks/ApplicationServices.framework/Versions/A/Frameworks/LangAnalysis.framework/Versions/A/LangAnalysis
0x00007fff38bd7000 	/System/Library/Frameworks/ApplicationServices.framework/Versions/A/Frameworks/PrintCore.framework/Versions/A/PrintCore
0x00007fff38c1d000 	/System/Library/Frameworks/ApplicationServices.framework/Versions/A/Frameworks/QD.framework/Versions/A/QD
0x00007fff38c28000 	/System/Library/Frameworks/ApplicationServices.framework/Versions/A/Frameworks/SpeechSynthesis.framework/Versions/A/SpeechSynthesis
0x00007fff38aa2000 	/System/Library/Frameworks/ApplicationServices.framework/Versions/A/Frameworks/ATSUI.framework/Versions/A/ATSUI
0x00007fff6fa63000 	/usr/lib/libcups.2.dylib
0x00007fff3f16b000 	/System/Library/Frameworks/Kerberos.framework/Versions/A/Kerberos
0x00007fff3d3eb000 	/System/Library/Frameworks/GSS.framework/Versions/A/GSS
0x00007fff70d9c000 	/usr/lib/libresolv.9.dylib
0x00007fff5ca49000 	/System/Library/PrivateFrameworks/Heimdal.framework/Versions/A/Heimdal
0x00007fff3f17e000 	/System/Library/Frameworks/Kerberos.framework/Versions/A/Libraries/libHeimdalProxy.dylib
0x00007fff6fc0d000 	/usr/lib/libheimdal-asn1.dylib
0x00007fff510b5000 	/System/Library/PrivateFrameworks/CommonAuth.framework/Versions/A/CommonAuth
0x00007fff4e300000 	/System/Library/PrivateFrameworks/AssertionServices.framework/Versions/A/AssertionServices
0x00007fff4eea3000 	/System/Library/PrivateFrameworks/AudioToolboxCore.framework/Versions/A/AudioToolboxCore
0x00007fff6e1fb000 	/System/Library/PrivateFrameworks/caulk.framework/Versions/A/caulk
0x00007fff4f461000 	/System/Library/PrivateFrameworks/BaseBoard.framework/Versions/A/BaseBoard
0x00007fff66057000 	/System/Library/PrivateFrameworks/RunningBoardServices.framework/Versions/A/RunningBoardServices
0x00007fff63120000 	/System/Library/PrivateFrameworks/PersistentConnection.framework/Versions/A/PersistentConnection
0x00007fff65aa6000 	/System/Library/PrivateFrameworks/ProtocolBuffer.framework/Versions/A/ProtocolBuffer
0x00007fff510da000 	/System/Library/PrivateFrameworks/CommonUtilities.framework/Versions/A/CommonUtilities
0x00007fff4f5e4000 	/System/Library/PrivateFrameworks/Bom.framework/Versions/A/Bom
0x00007fff6e870000 	/usr/lib/libAudioToolboxUtility.dylib
0x00007fff4f3bf000 	/System/Library/PrivateFrameworks/Backup.framework/Versions/A/Backup
0x00007fff53eca000 	/System/Library/PrivateFrameworks/CrashReporterSupport.framework/Versions/A/CrashReporterSupport
0x00007fff67b53000 	/System/Library/PrivateFrameworks/Sharing.framework/Versions/A/Sharing
0x00007fff4daa4000 	/System/Library/PrivateFrameworks/Apple80211.framework/Versions/A/Apple80211
0x00007fff4f0e1000 	/System/Library/PrivateFrameworks/AuthKit.framework/Versions/A/AuthKit
0x00007fff53bfa000 	/System/Library/PrivateFrameworks/CoreUtils.framework/Versions/A/CoreUtils
0x00007fff3c951000 	/System/Library/Frameworks/CoreWLAN.framework/Versions/A/CoreWLAN
0x00007fff3d577000 	/System/Library/Frameworks/IOBluetooth.framework/Versions/A/IOBluetooth
0x00007fff60d82000 	/System/Library/PrivateFrameworks/MobileKeyBag.framework/Versions/A/MobileKeyBag
0x00007fff52cc5000 	/System/Library/PrivateFrameworks/CorePhoneNumbers.framework/Versions/A/CorePhoneNumbers
0x00007fff4dd0c000 	/System/Library/PrivateFrameworks/AppleIDAuthSupport.framework/Versions/A/AppleIDAuthSupport
0x00007fff41010000 	/System/Library/Frameworks/Network.framework/Versions/A/Network
0x00007fff5f442000 	/System/Library/PrivateFrameworks/KeychainCircle.framework/Versions/A/KeychainCircle
0x00007fff3a3c5000 	/System/Library/Frameworks/CoreBluetooth.framework/Versions/A/CoreBluetooth
0x00007fff697cf000 	/System/Library/PrivateFrameworks/SpeechRecognitionCore.framework/Versions/A/SpeechRecognitionCore
0x0000000108200000 	/usr/local/Cellar/openjdk@8/1.8.0+275/libexec/openjdk.jdk/Contents/Home/jre/lib/server/libjvm.dylib
0x00000001066d0000 	/usr/local/Cellar/openjdk@8/1.8.0+275/libexec/openjdk.jdk/Contents/Home/jre/lib/libverify.dylib
0x00000001066e4000 	/usr/local/Cellar/openjdk@8/1.8.0+275/libexec/openjdk.jdk/Contents/Home/jre/lib/libjava.dylib
0x0000000106764000 	/usr/local/Cellar/openjdk@8/1.8.0+275/libexec/openjdk.jdk/Contents/Home/jre/lib/libinstrument.dylib
0x00000001067c9000 	/usr/local/Cellar/openjdk@8/1.8.0+275/libexec/openjdk.jdk/Contents/Home/jre/lib/libzip.dylib
0x0000000123e7a000 	/usr/local/Cellar/openjdk@8/1.8.0+275/libexec/openjdk.jdk/Contents/Home/jre/lib/libnio.dylib
0x0000000123e92000 	/usr/local/Cellar/openjdk@8/1.8.0+275/libexec/openjdk.jdk/Contents/Home/jre/lib/libnet.dylib
0x00000001257d1000 	/usr/local/Cellar/openjdk@8/1.8.0+275/libexec/openjdk.jdk/Contents/Home/jre/lib/libmanagement.dylib
0x0000000125eae000 	/usr/local/Cellar/openjdk@8/1.8.0+275/libexec/openjdk.jdk/Contents/Home/jre/lib/libsunec.dylib
0x0000000126aed000 	/private/var/folders/7t/vtfz5nr54_bd4tgv2kddpx1h0000gn/T/liblz4-java6431851808439240677.dylib
0x00000001270aa000 	/private/var/folders/7t/vtfz5nr54_bd4tgv2kddpx1h0000gn/T/jna-1469711820/jna7780572702619268748.tmp
0x00007fff3f166000 	/System/Library/Frameworks/JavaVM.framework/Versions/A/JavaVM
0x00007fff5f2a5000 	/System/Library/PrivateFrameworks/JavaLaunching.framework/Versions/A/JavaLaunching

VM Arguments:
jvm_args: -Xloggc:/usr/local/Cellar/cassandra/3.11.9_1/libexec/logs/gc.log -ea -XX:+UseThreadPriorities -XX:ThreadPriorityPolicy=42 -XX:+HeapDumpOnOutOfMemoryError -Xss256k -XX:StringTableSize=1000003 -XX:+AlwaysPreTouch -XX:-UseBiasedLocking -XX:+UseTLAB -XX:+ResizeTLAB -XX:+UseNUMA -XX:+PerfDisableSharedMem -Djava.net.preferIPv4Stack=true -XX:+UseParNewGC -XX:+UseConcMarkSweepGC -XX:+CMSParallelRemarkEnabled -XX:SurvivorRatio=8 -XX:MaxTenuringThreshold=1 -XX:CMSInitiatingOccupancyFraction=75 -XX:+UseCMSInitiatingOccupancyOnly -XX:CMSWaitDuration=10000 -XX:+CMSParallelInitialMarkEnabled -XX:+CMSEdenChunksRecordAlways -XX:+CMSClassUnloadingEnabled -XX:+PrintGCDetails -XX:+PrintGCDateStamps -XX:+PrintHeapAtGC -XX:+PrintTenuringDistribution -XX:+PrintGCApplicationStoppedTime -XX:+PrintPromotionFailure -XX:+UseGCLogFileRotation -XX:NumberOfGCLogFiles=10 -XX:GCLogFileSize=10M -Xms4096M -Xmx4096M -Xmn1024M -XX:+UseCondCardMark -XX:CompileCommandFile=/usr/local/etc/cassandra/hotspot_compiler -javaagent:/usr/local/Cellar/cassandra/3.11.9_1/libexec/jamm-0.3.0.jar -Dcassandra.jmx.local.port=7199 -Dcom.sun.management.jmxremote.authenticate=false -Dcom.sun.management.jmxremote.password.file=/etc/cassandra/jmxremote.password -Djava.library.path=/usr/local/Cellar/cassandra/3.11.9_1/libexec/sigar-bin -Dcassandra.libjemalloc=/usr/local/lib/libjemalloc.dylib -XX:OnOutOfMemoryError=kill -9 %p -Dlogback.configurationFile=logback.xml -Dcassandra.logdir=/usr/local/var/log/cassandra -Dcassandra.storagedir=/usr/local/var/lib/cassandra 
java_command: org.apache.cassandra.service.CassandraDaemon
java_class_path (initial): /usr/local/etc/cassandra:/usr/local/Cellar/cassandra/3.11.9_1/libexec/build/classes/main:/usr/local/Cellar/cassandra/3.11.9_1/libexec/build/classes/thrift:/usr/local/Cellar/cassandra/3.11.9_1/libexec/HdrHistogram-2.1.9.jar:/usr/local/Cellar/cassandra/3.11.9_1/libexec/ST4-4.0.8.jar:/usr/local/Cellar/cassandra/3.11.9_1/libexec/airline-0.6.jar:/usr/local/Cellar/cassandra/3.11.9_1/libexec/antlr-runtime-3.5.2.jar:/usr/local/Cellar/cassandra/3.11.9_1/libexec/apache-cassandra-3.11.9.jar:/usr/local/Cellar/cassandra/3.11.9_1/libexec/apache-cassandra-thrift-3.11.9.jar:/usr/local/Cellar/cassandra/3.11.9_1/libexec/asm-5.0.4.jar:/usr/local/Cellar/cassandra/3.11.9_1/libexec/caffeine-2.2.6.jar:/usr/local/Cellar/cassandra/3.11.9_1/libexec/cassandra-driver-core-3.0.1-shaded.jar:/usr/local/Cellar/cassandra/3.11.9_1/libexec/commons-cli-1.1.jar:/usr/local/Cellar/cassandra/3.11.9_1/libexec/commons-codec-1.9.jar:/usr/local/Cellar/cassandra/3.11.9_1/libexec/commons-lang3-3.1.jar:/usr/local/Cellar/cassandra/3.11.9_1/libexec/commons-math3-3.2.jar:/usr/local/Cellar/cassandra/3.11.9_1/libexec/compress-lzf-0.8.4.jar:/usr/local/Cellar/cassandra/3.11.9_1/libexec/concurrent-trees-2.4.0.jar:/usr/local/Cellar/cassandra/3.11.9_1/libexec/concurrentlinkedhashmap-lru-1.4.jar:/usr/local/Cellar/cassandra/3.11.9_1/libexec/disruptor-3.0.1.jar:/usr/local/Cellar/cassandra/3.11.9_1/libexec/ecj-4.4.2.jar:/usr/local/Cellar/cassandra/3.11.9_1/libexec/guava-18.0.jar:/usr/local/Cellar/cassandra/3.11.9_1/libexec/high-scale-lib-1.0.6.jar:/usr/local/Cellar/cassandra/3.11.9_1/libexec/hppc-0.5.4.jar:/usr/local/Cellar/cassandra/3.11.9_1/libexec/jackson-annotations-2.9.10.jar:/usr/local/Cellar/cassandra/3.11.9_1/libexec/jackson-core-2.9.10.jar:/usr/local/Cellar/cassandra/3.11.9_1/libexec/jackson-databind-2.9.10.4.jar:/usr/local/Cellar/cassandra/3.11.9_1/libexec/jamm-0.3.0.jar:/usr/local/Cellar/cassandra/3.11.9_1/libexec/javax.inject.jar:/usr/local/Cellar/cassandra/3.11.9_1/libexec/jbcrypt-0.3
Launcher Type: SUN_STANDARD

Environment Variables:
PATH=/usr/local/bin:/usr/bin:/bin:/usr/sbin:/sbin:/Library/TeX/texbin:/usr/local/go/bin:/usr/local/share/dotnet:/opt/X11/bin:~/.dotnet/tools:/Library/Frameworks/Mono.framework/Versions/Current/Commands:/Applications/Xamarin Workbooks.app/Contents/SharedSupport/path-bin
SHELL=/bin/zsh
DISPLAY=/private/tmp/com.apple.launchd.CrtZsXo4LI/org.macosforge.xquartz:0
DYLD_INSERT_LIBRARIES=/usr/local/lib/libjemalloc.dylib

Signal Handlers:
SIGSEGV: [libjvm.dylib+0x58b203], sa_mask[0]=11111111011111110111111111111111, sa_flags=SA_ONSTACK|SA_RESTART|SA_SIGINFO
SIGBUS: [libjvm.dylib+0x58b203], sa_mask[0]=11111111011111110111111111111111, sa_flags=SA_RESTART|SA_SIGINFO
SIGFPE: [libjvm.dylib+0x4869f7], sa_mask[0]=11111111011111110111111111111111, sa_flags=SA_RESTART|SA_SIGINFO
SIGPIPE: [libjvm.dylib+0x4869f7], sa_mask[0]=11111111011111110111111111111111, sa_flags=SA_RESTART|SA_SIGINFO
SIGXFSZ: [libjvm.dylib+0x4869f7], sa_mask[0]=11111111011111110111111111111111, sa_flags=SA_RESTART|SA_SIGINFO
SIGILL: [libjvm.dylib+0x4869f7], sa_mask[0]=11111111011111110111111111111111, sa_flags=SA_RESTART|SA_SIGINFO
SIGUSR1: SIG_DFL, sa_mask[0]=00000000000000000000000000000000, sa_flags=SA_RESTART
SIGUSR2: [libjvm.dylib+0x4872cd], sa_mask[0]=00000000000000000000000000000000, sa_flags=SA_RESTART|SA_SIGINFO
SIGHUP: [libjvm.dylib+0x4854bd], sa_mask[0]=11111111011111110111111111111111, sa_flags=SA_RESTART|SA_SIGINFO
SIGINT: SIG_IGN, sa_mask[0]=00000000000000000000000000000000, sa_flags=none
SIGTERM: [libjvm.dylib+0x4854bd], sa_mask[0]=11111111011111110111111111111111, sa_flags=SA_RESTART|SA_SIGINFO
SIGQUIT: [libjvm.dylib+0x4854bd], sa_mask[0]=11111111011111110111111111111111, sa_flags=SA_RESTART|SA_SIGINFO


---------------  S Y S T E M  ---------------

OS:Bsduname:Darwin 19.3.0 Darwin Kernel Version 19.3.0: Thu Jan  9 20:58:23 PST 2020; root:xnu-6153.81.5~1/RELEASE_X86_64 x86_64
rlimit: STACK 8192k, CORE 0k, NPROC 2784, NOFILE 10240, AS infinity
load average:4.20 3.86 3.54

CPU:total 12 (initial active 12) (6 cores per cpu, 2 threads per core) family 6 model 158 stepping 10, cmov, cx8, fxsr, mmx, sse, sse2, sse3, ssse3, sse4.1, sse4.2, popcnt, avx, avx2, aes, clmul, erms, 3dnowpref, lzcnt, ht, tsc, tscinvbit, bmi1, bmi2, adx

Memory: 4k page, physical 16777216k(430136k free)

/proc/meminfo:


vm_info: OpenJDK 64-Bit Server VM (25.275-b00) for bsd-amd64 JRE (1.8.0_275-bre_2020_11_16_16_29-b00), built on Nov 16 2020 16:34:49 by "brew" with gcc Apple LLVM 12.0.0 (clang-1200.0.32.27)

time: Mon Feb  8 20:45:28 2021
timezone: CST
elapsed time: 6.602282 seconds (0d 0h 0m 6s)

