#
# A fatal error has been detected by the Java Runtime Environment:
#
#  SIGSEGV (0xb) at pc=0x000000010e165ab8, pid=57329, tid=0x0000000000006903
#
# JRE version: OpenJDK Runtime Environment (8.0_275) (build 1.8.0_275-bre_2020_11_16_16_29-b00)
# Java VM: OpenJDK 64-Bit Server VM (25.275-b00 mixed mode bsd-amd64 compressed oops)
# Problematic frame:
# V  [libjvm.dylib+0x565ab8]  Unsafe_GetByte+0xcd
#
# Failed to write core dump. Core dumps have been disabled. To enable core dumping, try "ulimit -c unlimited" before starting Java again
#
# If you would like to submit a bug report, please visit:
#   http://bugreport.java.com/bugreport/crash.jsp
#

---------------  T H R E A D  ---------------

Current thread (0x000000012d441600):  JavaThread "SSTableBatchOpen:2" daemon [_thread_in_vm, id=26883, stack(0x000070000f7bf000,0x000070000f7ff000)]

siginfo: si_signo: 11 (SIGSEGV), si_code: 1 (SEGV_MAPERR), si_addr: 0x0000000000000000

Registers:
RAX=0x000000010e300140, RBX=0x000000012d441600, RCX=0x0000000134e01251, RDX=0x0000000000000000
RSP=0x000070000f7fdf10, RBP=0x000070000f7fdf40, RSI=0x000070000f7fdff0, RDI=0x000000012d441850
R8 =0x000000010e2ff001, R9 =0x0000000000000001, R10=0x000000010ec1813b, R11=0x000000010e0e59f3
R12=0x0000000000000000, R13=0x0000000125a7ddd0, R14=0x0000000134e01251, R15=0x0000000000000000
RIP=0x000000010e165ab8, EFLAGS=0x0000000000010246, ERR=0x0000000000000004
  TRAPNO=0x000000000000000e

Top of Stack: (sp=0x000070000f7fdf10)
0x000070000f7fdf10:   000070000f7fe0c0 000000012d441600
0x000070000f7fdf20:   000000012d441600 0000000125a7ddd0
0x000070000f7fdf30:   000070000f7fdff0 000000012d441600
0x000070000f7fdf40:   000070000f7fdfb8 000000010ec18167
0x000070000f7fdf50:   0000000125ac3570 000000012d441600
0x000070000f7fdf60:   db0e4962c0e90013 00000007c02d0a38
0x000070000f7fdf70:   000000012fba62e8 000070000f7fdf78
0x000070000f7fdf80:   0000000000000000 000070000f7fdff0
0x000070000f7fdf90:   0000000125aad9d0 0000000000000000
0x000070000f7fdfa0:   0000000125a7ddd0 0000000000000000
0x000070000f7fdfb0:   000070000f7fdfd8 000070000f7fe048
0x000070000f7fdfc0:   000000010ec07700 0000000000000000
0x000070000f7fdfd0:   000000010ec1190e 0000000134e01251
0x000070000f7fdfe0:   00000006e52f2830 0000000000000000
0x000070000f7fdff0:   00000006c00089b8 0000000000000000
0x000070000f7fe000:   00000006e52f29a8 000070000f7fe008
0x000070000f7fe010:   000000012d5299b3 000070000f7fe088
0x000070000f7fe020:   000000012d52a250 0000000000000000
0x000070000f7fe030:   000000012d529a28 000070000f7fdfd8
0x000070000f7fe040:   000070000f7fe060 000070000f7fe0d0
0x000070000f7fe050:   000000010ec07ffd 0000000000000000
0x000070000f7fe060:   0000000000000005 0000000000000000
0x000070000f7fe070:   00000006e52f29a8 0000000134e01251
0x000070000f7fe080:   000000010ec077d0 0000000000000000
0x000070000f7fe090:   000070000f7fe090 000000012d529617
0x000070000f7fe0a0:   000070000f7fe108 000000012d52a250
0x000070000f7fe0b0:   0000000000000000 000000012d529670
0x000070000f7fe0c0:   000070000f7fe060 000070000f7fe0e0
0x000070000f7fe0d0:   000070000f7fe150 000000010ec08042
0x000070000f7fe0e0:   0000000000000005 0000000000000000
0x000070000f7fe0f0:   00000006e52f29a8 0000000000000251
0x000070000f7fe100:   00000006e52e2ee8 00000006cbe32390 

Instructions: (pc=0x000000010e165ab8)
0x000000010e165a98:   00 30 74 08 48 89 df e8 50 97 fe ff c7 83 c8 02
0x000000010e165aa8:   00 00 06 00 00 00 48 89 5d e0 41 f6 c7 01 75 05
0x000000010e165ab8:   49 8b 07 eb 08 4c 89 ff e8 55 2e dd ff 42 0f be
0x000000010e165ac8:   1c 30 48 8d 7d e0 e8 91 b9 d9 ff 48 8d 7d d8 e8 

Register to memory mapping:

RAX=0x000000010e300140: _ZN20SafepointSynchronize6_stateE+0 in /usr/local/Cellar/openjdk@8/1.8.0+275/libexec/openjdk.jdk/Contents/Home/jre/lib/server/libjvm.dylib at 0x000000010dc00000
RBX=0x000000012d441600 is a thread
RCX=0x0000000134e01251 is an unknown value
RDX=0x0000000000000000 is an unknown value
RSP=0x000070000f7fdf10 is pointing into the stack for thread: 0x000000012d441600
RBP=0x000070000f7fdf40 is pointing into the stack for thread: 0x000000012d441600
RSI=0x000070000f7fdff0 is pointing into the stack for thread: 0x000000012d441600
RDI=0x000000012d441850 is an unknown value
R8 =0x000000010e2ff001: _ZN13ObjectMonitor17_sync_FailedSpinsE+0x1 in /usr/local/Cellar/openjdk@8/1.8.0+275/libexec/openjdk.jdk/Contents/Home/jre/lib/server/libjvm.dylib at 0x000000010dc00000
R9 =0x0000000000000001 is an unknown value
R10=0x000000010ec1813b is at code_begin+859 in an Interpreter codelet
method entry point (kind = native)  [0x000000010ec17de0, 0x000000010ec18760]  2432 bytes
R11=0x000000010e0e59f3: throw_unsatisfied_link_error+0 in /usr/local/Cellar/openjdk@8/1.8.0+275/libexec/openjdk.jdk/Contents/Home/jre/lib/server/libjvm.dylib at 0x000000010dc00000
R12=0x0000000000000000 is an unknown value
R13={method} {0x0000000125a7ddd0} 'getByte' '(Ljava/lang/Object;J)B' in 'sun/misc/Unsafe'
R14=0x0000000134e01251 is an unknown value
R15=0x0000000000000000 is an unknown value


Stack: [0x000070000f7bf000,0x000070000f7ff000],  sp=0x000070000f7fdf10,  free space=251k
Native frames: (J=compiled Java code, j=interpreted, Vv=VM code, C=native code)
V  [libjvm.dylib+0x565ab8]  Unsafe_GetByte+0xcd
j  sun.misc.Unsafe.getByte(Ljava/lang/Object;J)B+0
j  org.apache.cassandra.utils.FastByteOperations$UnsafeOperations.copy(Ljava/lang/Object;J[BII)V+35
j  org.apache.cassandra.utils.FastByteOperations$UnsafeOperations.copy(Ljava/nio/ByteBuffer;I[BII)V+47
j  org.apache.cassandra.utils.FastByteOperations.copy(Ljava/nio/ByteBuffer;I[BII)V+9
j  org.apache.cassandra.io.util.RebufferingInputStream.read([BII)I+137
j  org.apache.cassandra.io.util.RebufferingInputStream.readFully([BII)V+4
j  org.apache.cassandra.io.util.RebufferingInputStream.readFully([B)V+5
j  org.apache.cassandra.utils.ByteBufferUtil.read(Ljava/io/DataInput;I)Ljava/nio/ByteBuffer;+14
j  org.apache.cassandra.utils.ByteBufferUtil.readWithVIntLength(Lorg/apache/cassandra/io/util/DataInputPlus;)Ljava/nio/ByteBuffer;+24
j  org.apache.cassandra.db.SerializationHeader$Serializer.readColumnsWithType(Lorg/apache/cassandra/io/util/DataInputPlus;Ljava/util/Map;)V+18
j  org.apache.cassandra.db.SerializationHeader$Serializer.deserialize(Lorg/apache/cassandra/io/sstable/format/Version;Lorg/apache/cassandra/io/util/DataInputPlus;)Lorg/apache/cassandra/db/SerializationHeader$Component;+93
j  org.apache.cassandra.db.SerializationHeader$Serializer.deserialize(Lorg/apache/cassandra/io/sstable/format/Version;Lorg/apache/cassandra/io/util/DataInputPlus;)Lorg/apache/cassandra/io/sstable/metadata/MetadataComponent;+3
j  org.apache.cassandra.io.sstable.metadata.MetadataSerializer.deserialize(Lorg/apache/cassandra/io/sstable/Descriptor;Lorg/apache/cassandra/io/util/FileDataInput;Ljava/util/EnumSet;)Ljava/util/Map;+146
j  org.apache.cassandra.io.sstable.metadata.MetadataSerializer.deserialize(Lorg/apache/cassandra/io/sstable/Descriptor;Ljava/util/EnumSet;)Ljava/util/Map;+87
j  org.apache.cassandra.io.sstable.format.SSTableReader.open(Lorg/apache/cassandra/io/sstable/Descriptor;Ljava/util/Set;Lorg/apache/cassandra/config/CFMetaData;ZZ)Lorg/apache/cassandra/io/sstable/format/SSTableReader;+170
j  org.apache.cassandra.io.sstable.format.SSTableReader.open(Lorg/apache/cassandra/io/sstable/Descriptor;Ljava/util/Set;Lorg/apache/cassandra/config/CFMetaData;)Lorg/apache/cassandra/io/sstable/format/SSTableReader;+5
j  org.apache.cassandra.io.sstable.format.SSTableReader$3.run()V+28
j  java.util.concurrent.Executors$RunnableAdapter.call()Ljava/lang/Object;+4
j  java.util.concurrent.FutureTask.run()V+42
j  java.util.concurrent.ThreadPoolExecutor.runWorker(Ljava/util/concurrent/ThreadPoolExecutor$Worker;)V+95
j  java.util.concurrent.ThreadPoolExecutor$Worker.run()V+5
j  org.apache.cassandra.concurrent.NamedThreadFactory.lambda$threadLocalDeallocator$0(Ljava/lang/Runnable;)V+1
j  org.apache.cassandra.concurrent.NamedThreadFactory$$Lambda$5.run()V+4
j  java.lang.Thread.run()V+11
v  ~StubRoutines::call_stub
V  [libjvm.dylib+0x2ccedb]  JavaCalls::call_helper(JavaValue*, methodHandle*, JavaCallArguments*, Thread*)+0x689
V  [libjvm.dylib+0x2cbd4e]  JavaCalls::call_virtual(JavaValue*, KlassHandle, Symbol*, Symbol*, JavaCallArguments*, Thread*)+0x148
V  [libjvm.dylib+0x2cbf2f]  JavaCalls::call_virtual(JavaValue*, Handle, KlassHandle, Symbol*, Symbol*, Thread*)+0x57
V  [libjvm.dylib+0x347a29]  thread_entry(JavaThread*, Thread*)+0x78
V  [libjvm.dylib+0x54db2c]  JavaThread::thread_main_inner()+0x82
V  [libjvm.dylib+0x54d9f1]  JavaThread::run()+0x169
V  [libjvm.dylib+0x484577]  java_start(Thread*)+0xfa
C  [libsystem_pthread.dylib+0x5e65]  _pthread_start+0x94
C  [libsystem_pthread.dylib+0x183b]  thread_start+0xf
C  0x0000000000000000

Java frames: (J=compiled Java code, j=interpreted, Vv=VM code)
j  sun.misc.Unsafe.getByte(Ljava/lang/Object;J)B+0
j  org.apache.cassandra.utils.FastByteOperations$UnsafeOperations.copy(Ljava/lang/Object;J[BII)V+35
j  org.apache.cassandra.utils.FastByteOperations$UnsafeOperations.copy(Ljava/nio/ByteBuffer;I[BII)V+47
j  org.apache.cassandra.utils.FastByteOperations.copy(Ljava/nio/ByteBuffer;I[BII)V+9
j  org.apache.cassandra.io.util.RebufferingInputStream.read([BII)I+137
j  org.apache.cassandra.io.util.RebufferingInputStream.readFully([BII)V+4
j  org.apache.cassandra.io.util.RebufferingInputStream.readFully([B)V+5
j  org.apache.cassandra.utils.ByteBufferUtil.read(Ljava/io/DataInput;I)Ljava/nio/ByteBuffer;+14
j  org.apache.cassandra.utils.ByteBufferUtil.readWithVIntLength(Lorg/apache/cassandra/io/util/DataInputPlus;)Ljava/nio/ByteBuffer;+24
j  org.apache.cassandra.db.SerializationHeader$Serializer.readColumnsWithType(Lorg/apache/cassandra/io/util/DataInputPlus;Ljava/util/Map;)V+18
j  org.apache.cassandra.db.SerializationHeader$Serializer.deserialize(Lorg/apache/cassandra/io/sstable/format/Version;Lorg/apache/cassandra/io/util/DataInputPlus;)Lorg/apache/cassandra/db/SerializationHeader$Component;+93
j  org.apache.cassandra.db.SerializationHeader$Serializer.deserialize(Lorg/apache/cassandra/io/sstable/format/Version;Lorg/apache/cassandra/io/util/DataInputPlus;)Lorg/apache/cassandra/io/sstable/metadata/MetadataComponent;+3
j  org.apache.cassandra.io.sstable.metadata.MetadataSerializer.deserialize(Lorg/apache/cassandra/io/sstable/Descriptor;Lorg/apache/cassandra/io/util/FileDataInput;Ljava/util/EnumSet;)Ljava/util/Map;+146
j  org.apache.cassandra.io.sstable.metadata.MetadataSerializer.deserialize(Lorg/apache/cassandra/io/sstable/Descriptor;Ljava/util/EnumSet;)Ljava/util/Map;+87
j  org.apache.cassandra.io.sstable.format.SSTableReader.open(Lorg/apache/cassandra/io/sstable/Descriptor;Ljava/util/Set;Lorg/apache/cassandra/config/CFMetaData;ZZ)Lorg/apache/cassandra/io/sstable/format/SSTableReader;+170
j  org.apache.cassandra.io.sstable.format.SSTableReader.open(Lorg/apache/cassandra/io/sstable/Descriptor;Ljava/util/Set;Lorg/apache/cassandra/config/CFMetaData;)Lorg/apache/cassandra/io/sstable/format/SSTableReader;+5
j  org.apache.cassandra.io.sstable.format.SSTableReader$3.run()V+28
j  java.util.concurrent.Executors$RunnableAdapter.call()Ljava/lang/Object;+4
j  java.util.concurrent.FutureTask.run()V+42
j  java.util.concurrent.ThreadPoolExecutor.runWorker(Ljava/util/concurrent/ThreadPoolExecutor$Worker;)V+95
j  java.util.concurrent.ThreadPoolExecutor$Worker.run()V+5
j  org.apache.cassandra.concurrent.NamedThreadFactory.lambda$threadLocalDeallocator$0(Ljava/lang/Runnable;)V+1
j  org.apache.cassandra.concurrent.NamedThreadFactory$$Lambda$5.run()V+4
j  java.lang.Thread.run()V+11
v  ~StubRoutines::call_stub

---------------  P R O C E S S  ---------------

Java Threads: ( => current thread )
  0x0000000133f06a00 JavaThread "LocalPool-Cleaner" daemon [_thread_blocked, id=34819, stack(0x000070000f888000,0x000070000f8c8000)]
  0x0000000133f06500 JavaThread "Reference-Reaper" daemon [_thread_blocked, id=27651, stack(0x000070000f845000,0x000070000f885000)]
  0x000000012d441b00 JavaThread "SSTableBatchOpen:3" daemon [_thread_in_vm, id=35075, stack(0x000070000f802000,0x000070000f842000)]
=>0x000000012d441600 JavaThread "SSTableBatchOpen:2" daemon [_thread_in_vm, id=26883, stack(0x000070000f7bf000,0x000070000f7ff000)]
  0x000000012d441100 JavaThread "SSTableBatchOpen:1" daemon [_thread_in_Java, id=26371, stack(0x000070000f77c000,0x000070000f7bc000)]
  0x000000012d440700 JavaThread "PERIODIC-COMMIT-LOG-SYNCER" [_thread_blocked, id=26115, stack(0x000070000f739000,0x000070000f779000)]
  0x000000012d440200 JavaThread "COMMIT-LOG-ALLOCATOR" [_thread_blocked, id=25603, stack(0x000070000f6f6000,0x000070000f736000)]
  0x000000012d43fd00 JavaThread "SlabPoolCleaner" daemon [_thread_blocked, id=25347, stack(0x000070000f6b3000,0x000070000f6f3000)]
  0x000000012d43f800 JavaThread "Sampler:1" daemon [_thread_blocked, id=35843, stack(0x000070000f670000,0x000070000f6b0000)]
  0x000000012d43f300 JavaThread "SecondaryIndexManagement:1" daemon [_thread_blocked, id=24835, stack(0x000070000f62d000,0x000070000f66d000)]
  0x000000012d43ee00 JavaThread "MemtableReclaimMemory:1" daemon [_thread_blocked, id=24579, stack(0x000070000f5ea000,0x000070000f62a000)]
  0x000000012d43e900 JavaThread "MemtablePostFlush:1" daemon [_thread_blocked, id=24323, stack(0x000070000f5a7000,0x000070000f5e7000)]
  0x000000012d43e400 JavaThread "PerDiskMemtableFlushWriter_0:2" daemon [_thread_blocked, id=37123, stack(0x000070000f564000,0x000070000f5a4000)]
  0x000000012d43df00 JavaThread "PerDiskMemtableFlushWriter_0:1" daemon [_thread_blocked, id=37635, stack(0x000070000f521000,0x000070000f561000)]
  0x000000012d43da00 JavaThread "MemtableFlushWriter:2" daemon [_thread_blocked, id=37891, stack(0x000070000f4de000,0x000070000f51e000)]
  0x000000012d43d500 JavaThread "MemtableFlushWriter:1" daemon [_thread_blocked, id=38403, stack(0x000070000f49b000,0x000070000f4db000)]
  0x000000012c88b500 JavaThread "EXPIRING-MAP-REAPER:1" daemon [_thread_blocked, id=38915, stack(0x000070000f458000,0x000070000f498000)]
  0x000000012993dc00 JavaThread "RMI TCP Accept-0" daemon [_thread_in_native, id=23811, stack(0x000070000f415000,0x000070000f455000)]
  0x000000012993d700 JavaThread "RMI TCP Accept-7199" daemon [_thread_in_native, id=39427, stack(0x000070000f3d2000,0x000070000f412000)]
  0x000000012993d200 JavaThread "ScheduledTasks:1" daemon [_thread_blocked, id=39939, stack(0x000070000f38f000,0x000070000f3cf000)]
  0x000000012993c300 JavaThread "AsyncAppender-Worker-ASYNCDEBUGLOG" daemon [_thread_blocked, id=40451, stack(0x000070000f34c000,0x000070000f38c000)]
  0x000000012993b400 JavaThread "Service Thread" daemon [_thread_blocked, id=23043, stack(0x000070000f206000,0x000070000f246000)]
  0x000000012993af00 JavaThread "C1 CompilerThread3" daemon [_thread_blocked, id=22787, stack(0x000070000f103000,0x000070000f203000)]
  0x000000012993aa00 JavaThread "C2 CompilerThread2" daemon [_thread_blocked, id=41731, stack(0x000070000f000000,0x000070000f100000)]
  0x000000012993a500 JavaThread "C2 CompilerThread1" daemon [_thread_blocked, id=22531, stack(0x000070000eefd000,0x000070000effd000)]
  0x000000012993a000 JavaThread "C2 CompilerThread0" daemon [_thread_in_native, id=42499, stack(0x000070000edfa000,0x000070000eefa000)]
  0x000000010c083800 JavaThread "Signal Dispatcher" daemon [_thread_blocked, id=42755, stack(0x000070000edb7000,0x000070000edf7000)]
  0x000000010c084200 JavaThread "Surrogate Locker Thread (Concurrent GC)" daemon [_thread_blocked, id=22019, stack(0x000070000ed74000,0x000070000edb4000)]
  0x000000010c082e00 JavaThread "Finalizer" daemon [_thread_blocked, id=13571, stack(0x000070000ec2b000,0x000070000ec6b000)]
  0x000000010c082900 JavaThread "Reference Handler" daemon [_thread_blocked, id=17923, stack(0x000070000ebe8000,0x000070000ec28000)]
  0x000000010c081500 JavaThread "main" [_thread_blocked, id=9475, stack(0x000070000dc78000,0x000070000dcb8000)]

Other Threads:
  0x000000010c1a3a80 VMThread [stack: 0x000070000eae5000,0x000070000ebe5000] [id=13059]
  0x000000010c1a4200 WatcherThread [stack: 0x000070000f249000,0x000070000f349000] [id=40963]

VM state:not at safepoint (normal execution)

VM Mutex/Monitor currently owned by a thread: None

heap address: 0x00000006c0000000, size: 4096 MB, Compressed Oops mode: Zero based, Oop shift amount: 3
Narrow klass base: 0x0000000000000000, Narrow klass shift: 3
Compressed class space size: 1073741824 Address: 0x00000007c0000000

Heap:
 par new generation   total 943744K, used 642702K [0x00000006c0000000, 0x0000000700000000, 0x0000000700000000)
  eden space 838912K,  76% used [0x00000006c0000000, 0x00000006e73a39c8, 0x00000006f3340000)
  from space 104832K,   0% used [0x00000006f3340000, 0x00000006f3340000, 0x00000006f99a0000)
  to   space 104832K,   0% used [0x00000006f99a0000, 0x00000006f99a0000, 0x0000000700000000)
 concurrent mark-sweep generation total 3145728K, used 0K [0x0000000700000000, 0x00000007c0000000, 0x00000007c0000000)
 Metaspace       used 27000K, capacity 27512K, committed 27860K, reserved 1073152K
  class space    used 3221K, capacity 3396K, committed 3400K, reserved 1048576K

Card table byte_map: [0x000000011dfc0000,0x000000011e7c1000] byte_map_base: 0x000000011a9c0000

Marking Bits: (CMSBitMap*) 0x000000010c1ff348
 Bits: [0x000000011f5ca000, 0x00000001225ca000)

Mod Union Table: (CMSBitMap*) 0x000000010c1ff408
 Bits: [0x00000001225cb000, 0x000000012268b000)

Polling page: 0x000000010c102000

CodeCache: size=245760Kb used=7306Kb max_used=7320Kb free=238453Kb
 bounds [0x000000010ec00000, 0x000000010f330000, 0x000000011dc00000]
 total_blobs=2801 nmethods=2350 adapters=364
 compilation: enabled

Compilation events (10 events):
Event: 3.418 Thread 0x000000012993af00 2325       3       org.apache.cassandra.db.commitlog.CommitLogPosition$CommitLogPositionSerializer::deserialize (6 bytes)
Event: 3.418 Thread 0x000000012993af00 nmethod 2325 0x000000010f31d2d0 code [0x000000010f31d460, 0x000000010f31d828]
Event: 3.418 Thread 0x000000012993aa00 nmethod 2326 0x000000010f31cf10 code [0x000000010f31d060, 0x000000010f31d158]
Event: 3.418 Thread 0x000000012993a500 nmethod 2327 0x000000010f31cbd0 code [0x000000010f31cd20, 0x000000010f31cdf8]
Event: 3.419 Thread 0x000000012993aa00 2329       4       org.apache.cassandra.io.util.RebufferingInputStream::readLong (27 bytes)
Event: 3.419 Thread 0x000000012993a500 2330       4       java.nio.DirectByteBuffer::getLong (15 bytes)
Event: 3.419 Thread 0x000000012993aa00 nmethod 2329 0x000000010f321d10 code [0x000000010f321e80, 0x000000010f321fc8]
Event: 3.419 Thread 0x000000012993aa00 2332       4       org.apache.cassandra.io.util.RebufferingInputStream::readInt (26 bytes)
Event: 3.419 Thread 0x000000012993a500 nmethod 2330 0x000000010f31c850 code [0x000000010f31c9a0, 0x000000010f31ca58]
Event: 3.420 Thread 0x000000012993a500 2334       4       java.nio.DirectByteBuffer::getInt (39 bytes)

GC Heap History (0 events):
No events

Deoptimization events (10 events):
Event: 3.306 Thread 0x000000012d440200 Uncommon trap: reason=array_check action=maybe_recompile pc=0x000000010f300bdc method=java.util.AbstractCollection.toArray([Ljava/lang/Object;)[Ljava/lang/Object; @ 119
Event: 3.306 Thread 0x000000012d440200 Uncommon trap: reason=array_check action=maybe_recompile pc=0x000000010f300bdc method=java.util.AbstractCollection.toArray([Ljava/lang/Object;)[Ljava/lang/Object; @ 119
Event: 3.404 Thread 0x000000012d441100 Uncommon trap: reason=class_check action=maybe_recompile pc=0x000000010f2b7574 method=java.util.Collections$SetFromMap.add(Ljava/lang/Object;)Z @ 8
Event: 3.404 Thread 0x000000012d441b00 Uncommon trap: reason=class_check action=maybe_recompile pc=0x000000010f2b7574 method=java.util.Collections$SetFromMap.add(Ljava/lang/Object;)Z @ 8
Event: 3.404 Thread 0x000000012d441600 Uncommon trap: reason=class_check action=maybe_recompile pc=0x000000010f2b7574 method=java.util.Collections$SetFromMap.add(Ljava/lang/Object;)Z @ 8
Event: 3.408 Thread 0x000000012d441100 Uncommon trap: reason=unstable_if action=reinterpret pc=0x000000010f105e68 method=java.lang.ThreadLocal$ThreadLocalMap.getEntry(Ljava/lang/ThreadLocal;)Ljava/lang/ThreadLocal$ThreadLocalMap$Entry; @ 29
Event: 3.408 Thread 0x000000012d441100 Uncommon trap: reason=unstable_if action=reinterpret pc=0x000000010f106338 method=java.lang.ThreadLocal$ThreadLocalMap.getEntry(Ljava/lang/ThreadLocal;)Ljava/lang/ThreadLocal$ThreadLocalMap$Entry; @ 29
Event: 3.412 Thread 0x000000012d441100 Uncommon trap: reason=class_check action=maybe_recompile pc=0x000000010f2a3a50 method=java.lang.reflect.Field.get(Ljava/lang/Object;)Ljava/lang/Object; @ 45
Event: 3.419 Thread 0x000000012d441600 Uncommon trap: reason=unstable_if action=reinterpret pc=0x000000010f2a3a68 method=java.lang.reflect.Field.get(Ljava/lang/Object;)Ljava/lang/Object; @ 4
Event: 3.419 Thread 0x000000012d441b00 Uncommon trap: reason=unstable_if action=reinterpret pc=0x000000010f2a3a68 method=java.lang.reflect.Field.get(Ljava/lang/Object;)Ljava/lang/Object; @ 4

Classes redefined (0 events):
No events

Internal exceptions (10 events):
Event: 1.914 Thread 0x000000010c081500 Exception <a 'java/lang/ClassNotFoundException': org/apache/cassandra/config/ReplicaFilteringProtectionOptionsCustomizer> (0x00000006c5aec138) thrown at [/private/tmp/openjdk@8-20201116-57355-gyhtg9/jdk8u275-ga/hotspot/src/share/vm/classfile/systemDiction
Event: 1.924 Thread 0x000000010c081500 Exception <a 'sun/nio/fs/UnixException'> (0x00000006c5b9d7b8) thrown at [/private/tmp/openjdk@8-20201116-57355-gyhtg9/jdk8u275-ga/hotspot/src/share/vm/prims/jni.cpp, line 711]
Event: 2.043 Thread 0x000000010c081500 Exception <a 'java/net/UnknownHostException'> (0x00000006c70a7f90) thrown at [/private/tmp/openjdk@8-20201116-57355-gyhtg9/jdk8u275-ga/hotspot/src/share/vm/prims/jni.cpp, line 711]
Event: 2.140 Thread 0x000000010c081500 Exception <a 'java/lang/ClassNotFoundException': javax/management/remote/rmi/RMIServerImpl_Skel> (0x00000006c7400dd0) thrown at [/private/tmp/openjdk@8-20201116-57355-gyhtg9/jdk8u275-ga/hotspot/src/share/vm/classfile/systemDictionary.cpp, line 217]
Event: 2.246 Thread 0x000000010c081500 Exception <a 'com/sun/jna/LastErrorException': [78] Function not implemented> (0x00000006c76f0938) thrown at [/private/tmp/openjdk@8-20201116-57355-gyhtg9/jdk8u275-ga/hotspot/src/share/vm/prims/jni.cpp, line 738]
Event: 2.267 Thread 0x000000010c081500 Exception <a 'java/lang/UnsatisfiedLinkError': org.hyperic.sigar.Sigar.open()V> (0x00000006c77e4d20) thrown at [/private/tmp/openjdk@8-20201116-57355-gyhtg9/jdk8u275-ga/hotspot/src/share/vm/prims/nativeLookup.cpp, line 506]
Event: 2.270 Thread 0x000000010c081500 Exception <a 'java/lang/UnsatisfiedLinkError': org.hyperic.sigar.Sigar.getFileSystemListNative()[Lorg/hyperic/sigar/FileSystem;> (0x00000006c77ecdb0) thrown at [/private/tmp/openjdk@8-20201116-57355-gyhtg9/jdk8u275-ga/hotspot/src/share/vm/prims/nativeLook
Event: 2.588 Thread 0x000000010c081500 Exception <a 'java/lang/NoSuchMethodError': java.lang.Object.lambda$static$0(Ljava/lang/Object;Ljava/lang/Object;)Ljava/lang/Object;> (0x00000006cbce2558) thrown at [/private/tmp/openjdk@8-20201116-57355-gyhtg9/jdk8u275-ga/hotspot/src/share/vm/interpreter
Event: 2.714 Thread 0x000000010c081500 Exception <a 'java/lang/NoSuchMethodError': java.lang.Object.lambda$isEqual$3(Ljava/lang/Object;Ljava/lang/Object;)Z> (0x00000006cc5c1100) thrown at [/private/tmp/openjdk@8-20201116-57355-gyhtg9/jdk8u275-ga/hotspot/src/share/vm/interpreter/linkResolver.cp
Event: 3.164 Thread 0x000000010c081500 Implicit null exception at 0x000000010f2a2e14 to 0x000000010f2a2e51

Events (10 events):
Event: 3.419 Thread 0x000000012d441600 Uncommon trap: trap_request=0xffffff65 fr.pc=0x000000010f2a3a68
Event: 3.419 Thread 0x000000012d441b00 Uncommon trap: trap_request=0xffffff65 fr.pc=0x000000010f2a3a68
Event: 3.419 Thread 0x000000012d441600 DEOPT PACKING pc=0x000000010f2a3a68 sp=0x000070000f7fe260
Event: 3.419 Thread 0x000000012d441b00 DEOPT PACKING pc=0x000000010f2a3a68 sp=0x000070000f841260
Event: 3.419 Thread 0x000000012d441600 DEOPT UNPACKING pc=0x000000010ec4547a sp=0x000070000f7fe240 mode 2
Event: 3.419 Thread 0x000000012d441b00 DEOPT UNPACKING pc=0x000000010ec4547a sp=0x000070000f841240 mode 2
Event: 3.419 loading class com/google/common/base/Verify
Event: 3.419 loading class com/google/common/base/Verify done
Event: 3.419 loading class com/google/common/base/VerifyException
Event: 3.419 loading class com/google/common/base/VerifyException done


Dynamic libraries:
0x000000010b6b3000 	/usr/local/Cellar/jemalloc/5.2.1_1/lib/libjemalloc.2.dylib
0x00007fff30045000 	/System/Library/Frameworks/Cocoa.framework/Versions/A/Cocoa
0x00007fff3d613000 	/System/Library/Frameworks/Security.framework/Versions/A/Security
0x00007fff2efcf000 	/System/Library/Frameworks/ApplicationServices.framework/Versions/A/ApplicationServices
0x00007fff67a40000 	/usr/lib/libz.1.dylib
0x00007fff6550f000 	/usr/lib/libSystem.B.dylib
0x00007fff30fbc000 	/System/Library/Frameworks/CoreFoundation.framework/Versions/A/CoreFoundation
0x00007fff33681000 	/System/Library/Frameworks/Foundation.framework/Versions/C/Foundation
0x00007fff67364000 	/usr/lib/libobjc.A.dylib
0x00007fff2e1c4000 	/System/Library/Frameworks/AppKit.framework/Versions/C/AppKit
0x00007fff30ac8000 	/System/Library/Frameworks/CoreData.framework/Versions/A/CoreData
0x00007fff61db7000 	/System/Library/PrivateFrameworks/UIFoundation.framework/Versions/A/UIFoundation
0x00007fff5c593000 	/System/Library/PrivateFrameworks/RemoteViewServices.framework/Versions/A/RemoteViewServices
0x00007fff6484a000 	/System/Library/PrivateFrameworks/XCTTargetBootstrap.framework/Versions/A/XCTTargetBootstrap
0x00007fff30eab000 	/System/Library/Frameworks/CoreDisplay.framework/Versions/A/CoreDisplay
0x00007fff363f9000 	/System/Library/Frameworks/Metal.framework/Versions/A/Metal
0x00007fff4a999000 	/System/Library/PrivateFrameworks/DesktopServicesPriv.framework/Versions/A/DesktopServicesPriv
0x00007fff66645000 	/usr/lib/liblangid.dylib
0x00007fff49ae5000 	/System/Library/PrivateFrameworks/CoreSVG.framework/Versions/A/CoreSVG
0x00007fff5f35a000 	/System/Library/PrivateFrameworks/SkyLight.framework/Versions/A/SkyLight
0x00007fff3143e000 	/System/Library/Frameworks/CoreGraphics.framework/Versions/A/CoreGraphics
0x00007fff2cd63000 	/System/Library/Frameworks/Accelerate.framework/Versions/A/Accelerate
0x00007fff67931000 	/usr/lib/libxml2.2.dylib
0x00007fff556bd000 	/System/Library/PrivateFrameworks/IconServices.framework/Versions/A/IconServices
0x00007fff33e66000 	/System/Library/Frameworks/IOSurface.framework/Versions/A/IOSurface
0x00007fff65047000 	/usr/lib/libDiagnosticMessagesClient.dylib
0x00007fff4a812000 	/System/Library/PrivateFrameworks/DFRFoundation.framework/Versions/A/DFRFoundation
0x00007fff663d3000 	/usr/lib/libicucore.A.dylib
0x00007fff2f301000 	/System/Library/Frameworks/AudioToolbox.framework/Versions/A/AudioToolbox
0x00007fff2f3e3000 	/System/Library/Frameworks/AudioUnit.framework/Versions/A/AudioUnit
0x00007fff65710000 	/usr/lib/libauto.dylib
0x00007fff4a893000 	/System/Library/PrivateFrameworks/DataDetectorsCore.framework/Versions/A/DataDetectorsCore
0x00007fff2fb65000 	/System/Library/Frameworks/Carbon.framework/Versions/A/Frameworks/HIToolbox.framework/Versions/A/HIToolbox
0x00007fff3c844000 	/System/Library/Frameworks/QuartzCore.framework/Versions/A/QuartzCore
0x00007fff2fea4000 	/System/Library/Frameworks/Carbon.framework/Versions/A/Frameworks/SpeechRecognition.framework/Versions/A/SpeechRecognition
0x00007fff4a198000 	/System/Library/PrivateFrameworks/CoreUI.framework/Versions/A/CoreUI
0x00007fff3052e000 	/System/Library/Frameworks/CoreAudio.framework/Versions/A/CoreAudio
0x00007fff33349000 	/System/Library/Frameworks/DiskArbitration.framework/Versions/A/DiskArbitration
0x00007fff576d2000 	/System/Library/PrivateFrameworks/MultitouchSupport.framework/Versions/A/MultitouchSupport
0x00007fff66299000 	/usr/lib/libenergytrace.dylib
0x00007fff33dc1000 	/System/Library/Frameworks/IOKit.framework/Versions/A/IOKit
0x00007fff323ac000 	/System/Library/Frameworks/CoreServices.framework/Versions/A/CoreServices
0x00007fff597df000 	/System/Library/PrivateFrameworks/PerformanceAnalysis.framework/Versions/A/PerformanceAnalysis
0x00007fff3b87a000 	/System/Library/Frameworks/OpenGL.framework/Versions/A/OpenGL
0x00007fff30053000 	/System/Library/Frameworks/ColorSync.framework/Versions/A/ColorSync
0x00007fff31ac5000 	/System/Library/Frameworks/CoreImage.framework/Versions/A/CoreImage
0x00007fff32e22000 	/System/Library/Frameworks/CoreText.framework/Versions/A/CoreText
0x00007fff33eec000 	/System/Library/Frameworks/ImageIO.framework/Versions/A/ImageIO
0x00007fff657f5000 	/usr/lib/libc++.1.dylib
0x00007fff65871000 	/usr/lib/libcompression.dylib
0x00007fff65389000 	/usr/lib/libMobileGestalt.dylib
0x00007fff60e99000 	/System/Library/PrivateFrameworks/TextureIO.framework/Versions/A/TextureIO
0x00007fff65676000 	/usr/lib/libate.dylib
0x00007fff558c6000 	/System/Library/PrivateFrameworks/InternationalSupport.framework/Versions/A/InternationalSupport
0x00007fff684b6000 	/usr/lib/system/libcache.dylib
0x00007fff684bc000 	/usr/lib/system/libcommonCrypto.dylib
0x00007fff684c8000 	/usr/lib/system/libcompiler_rt.dylib
0x00007fff684d0000 	/usr/lib/system/libcopyfile.dylib
0x00007fff684da000 	/usr/lib/system/libcorecrypto.dylib
0x00007fff68688000 	/usr/lib/system/libdispatch.dylib
0x00007fff686ca000 	/usr/lib/system/libdyld.dylib
0x00007fff68700000 	/usr/lib/system/libkeymgr.dylib
0x00007fff6870e000 	/usr/lib/system/liblaunch.dylib
0x00007fff6870f000 	/usr/lib/system/libmacho.dylib
0x00007fff68715000 	/usr/lib/system/libquarantine.dylib
0x00007fff68718000 	/usr/lib/system/libremovefile.dylib
0x00007fff6871a000 	/usr/lib/system/libsystem_asl.dylib
0x00007fff68732000 	/usr/lib/system/libsystem_blocks.dylib
0x00007fff68733000 	/usr/lib/system/libsystem_c.dylib
0x00007fff687bb000 	/usr/lib/system/libsystem_configuration.dylib
0x00007fff687bf000 	/usr/lib/system/libsystem_coreservices.dylib
0x00007fff687c3000 	/usr/lib/system/libsystem_darwin.dylib
0x00007fff687cc000 	/usr/lib/system/libsystem_dnssd.dylib
0x00007fff687d4000 	/usr/lib/system/libsystem_featureflags.dylib
0x00007fff687d6000 	/usr/lib/system/libsystem_info.dylib
0x00007fff68851000 	/usr/lib/system/libsystem_m.dylib
0x00007fff68899000 	/usr/lib/system/libsystem_malloc.dylib
0x00007fff688c1000 	/usr/lib/system/libsystem_networkextension.dylib
0x00007fff688cf000 	/usr/lib/system/libsystem_notify.dylib
0x00007fff688ee000 	/usr/lib/system/libsystem_sandbox.dylib
0x00007fff688f3000 	/usr/lib/system/libsystem_secinit.dylib
0x00007fff68824000 	/usr/lib/system/libsystem_kernel.dylib
0x00007fff688d9000 	/usr/lib/system/libsystem_platform.dylib
0x00007fff688e3000 	/usr/lib/system/libsystem_pthread.dylib
0x00007fff688f6000 	/usr/lib/system/libsystem_symptoms.dylib
0x00007fff688fe000 	/usr/lib/system/libsystem_trace.dylib
0x00007fff68916000 	/usr/lib/system/libunwind.dylib
0x00007fff6891c000 	/usr/lib/system/libxpc.dylib
0x00007fff65849000 	/usr/lib/libc++abi.dylib
0x00007fff66647000 	/usr/lib/liblzma.5.dylib
0x00007fff662c1000 	/usr/lib/libfakelink.dylib
0x00007fff65603000 	/usr/lib/libarchive.2.dylib
0x00007fff3e7b5000 	/System/Library/Frameworks/SystemConfiguration.framework/Versions/A/SystemConfiguration
0x00007fff64f78000 	/usr/lib/libCRFSuite.dylib
0x00007fff2f759000 	/System/Library/Frameworks/CFNetwork.framework/Versions/A/CFNetwork
0x00007fff657d7000 	/usr/lib/libbsm.0.dylib
0x00007fff68701000 	/usr/lib/system/libkxld.dylib
0x00007fff442c9000 	/System/Library/PrivateFrameworks/AppleFSCompression.framework/Versions/A/AppleFSCompression
0x00007fff65b58000 	/usr/lib/libcoretls.dylib
0x00007fff65b6f000 	/usr/lib/libcoretls_cfhelpers.dylib
0x00007fff673a8000 	/usr/lib/libpam.2.dylib
0x00007fff674db000 	/usr/lib/libsqlite3.dylib
0x00007fff6791e000 	/usr/lib/libxar.1.dylib
0x00007fff657e8000 	/usr/lib/libbz2.1.0.dylib
0x00007fff662e2000 	/usr/lib/libiconv.2.dylib
0x00007fff6585e000 	/usr/lib/libcharset.1.dylib
0x00007fff66e4f000 	/usr/lib/libnetwork.dylib
0x00007fff673af000 	/usr/lib/libpcap.A.dylib
0x00007fff655b8000 	/usr/lib/libapple_nghttp2.dylib
0x00007fff32763000 	/System/Library/Frameworks/CoreServices.framework/Versions/A/Frameworks/FSEvents.framework/Versions/A/FSEvents
0x00007fff32433000 	/System/Library/Frameworks/CoreServices.framework/Versions/A/Frameworks/CarbonCore.framework/Versions/A/CarbonCore
0x00007fff329a6000 	/System/Library/Frameworks/CoreServices.framework/Versions/A/Frameworks/Metadata.framework/Versions/A/Metadata
0x00007fff32a3f000 	/System/Library/Frameworks/CoreServices.framework/Versions/A/Frameworks/OSServices.framework/Versions/A/OSServices
0x00007fff32a6d000 	/System/Library/Frameworks/CoreServices.framework/Versions/A/Frameworks/SearchKit.framework/Versions/A/SearchKit
0x00007fff323ad000 	/System/Library/Frameworks/CoreServices.framework/Versions/A/Frameworks/AE.framework/Versions/A/AE
0x00007fff3276c000 	/System/Library/Frameworks/CoreServices.framework/Versions/A/Frameworks/LaunchServices.framework/Versions/A/LaunchServices
0x00007fff32715000 	/System/Library/Frameworks/CoreServices.framework/Versions/A/Frameworks/DictionaryServices.framework/Versions/A/DictionaryServices
0x00007fff32ad5000 	/System/Library/Frameworks/CoreServices.framework/Versions/A/Frameworks/SharedFileList.framework/Versions/A/SharedFileList
0x00007fff376ce000 	/System/Library/Frameworks/NetFS.framework/Versions/A/NetFS
0x00007fff57c02000 	/System/Library/PrivateFrameworks/NetAuth.framework/Versions/A/NetAuth
0x00007fff64c15000 	/System/Library/PrivateFrameworks/login.framework/Versions/A/Frameworks/loginsupport.framework/Versions/A/loginsupport
0x00007fff60994000 	/System/Library/PrivateFrameworks/TCC.framework/Versions/A/TCC
0x00007fff48eb4000 	/System/Library/PrivateFrameworks/CoreNLP.framework/Versions/A/CoreNLP
0x00007fff57102000 	/System/Library/PrivateFrameworks/MetadataUtilities.framework/Versions/A/MetadataUtilities
0x00007fff6671f000 	/usr/lib/libmecabra.dylib
0x00007fff66677000 	/usr/lib/libmecab.dylib
0x00007fff662d2000 	/usr/lib/libgermantok.dylib
0x00007fff6559f000 	/usr/lib/libThaiTokenizer.dylib
0x00007fff64fb0000 	/usr/lib/libChineseTokenizer.dylib
0x00007fff2cd7b000 	/System/Library/Frameworks/Accelerate.framework/Versions/A/Frameworks/vImage.framework/Versions/A/vImage
0x00007fff2e01e000 	/System/Library/Frameworks/Accelerate.framework/Versions/A/Frameworks/vecLib.framework/Versions/A/vecLib
0x00007fff2df62000 	/System/Library/Frameworks/Accelerate.framework/Versions/A/Frameworks/vecLib.framework/Versions/A/libvMisc.dylib
0x00007fff2dd88000 	/System/Library/Frameworks/Accelerate.framework/Versions/A/Frameworks/vecLib.framework/Versions/A/libvDSP.dylib
0x00007fff2d3e7000 	/System/Library/Frameworks/Accelerate.framework/Versions/A/Frameworks/vecLib.framework/Versions/A/libBLAS.dylib
0x00007fff2d942000 	/System/Library/Frameworks/Accelerate.framework/Versions/A/Frameworks/vecLib.framework/Versions/A/libLAPACK.dylib
0x00007fff2dce8000 	/System/Library/Frameworks/Accelerate.framework/Versions/A/Frameworks/vecLib.framework/Versions/A/libLinearAlgebra.dylib
0x00007fff2dd75000 	/System/Library/Frameworks/Accelerate.framework/Versions/A/Frameworks/vecLib.framework/Versions/A/libSparseBLAS.dylib
0x00007fff2dcfe000 	/System/Library/Frameworks/Accelerate.framework/Versions/A/Frameworks/vecLib.framework/Versions/A/libQuadrature.dylib
0x00007fff2d651000 	/System/Library/Frameworks/Accelerate.framework/Versions/A/Frameworks/vecLib.framework/Versions/A/libBNNS.dylib
0x00007fff2dd04000 	/System/Library/Frameworks/Accelerate.framework/Versions/A/Frameworks/vecLib.framework/Versions/A/libSparse.dylib
0x00007fff55c85000 	/System/Library/PrivateFrameworks/LanguageModeling.framework/Versions/A/LanguageModeling
0x00007fff48850000 	/System/Library/PrivateFrameworks/CoreEmoji.framework/Versions/A/CoreEmoji
0x00007fff55da3000 	/System/Library/PrivateFrameworks/LinguisticData.framework/Versions/A/LinguisticData
0x00007fff55d54000 	/System/Library/PrivateFrameworks/Lexicon.framework/Versions/A/Lexicon
0x00007fff6585f000 	/usr/lib/libcmph.dylib
0x00007fff3a2a0000 	/System/Library/Frameworks/OpenDirectory.framework/Versions/A/Frameworks/CFOpenDirectory.framework/Versions/A/CFOpenDirectory
0x00007fff3a2bd000 	/System/Library/Frameworks/OpenDirectory.framework/Versions/A/OpenDirectory
0x00007fff4258a000 	/System/Library/PrivateFrameworks/APFS.framework/Versions/A/APFS
0x00007fff3d966000 	/System/Library/Frameworks/SecurityFoundation.framework/Versions/A/SecurityFoundation
0x00007fff6791a000 	/usr/lib/libutil.dylib
0x00007fff49b3d000 	/System/Library/PrivateFrameworks/CoreServicesStore.framework/Versions/A/CoreServicesStore
0x00007fff3da1e000 	/System/Library/Frameworks/ServiceManagement.framework/Versions/A/ServiceManagement
0x00007fff45a80000 	/System/Library/PrivateFrameworks/BackgroundTaskManagement.framework/Versions/A/BackgroundTaskManagement
0x00007fff67a17000 	/usr/lib/libxslt.1.dylib
0x00007fff4492e000 	/System/Library/PrivateFrameworks/AppleSystemInfo.framework/Versions/A/AppleSystemInfo
0x00007fff34109000 	/System/Library/Frameworks/ImageIO.framework/Versions/A/Resources/libJPEG.dylib
0x00007fff343c8000 	/System/Library/Frameworks/ImageIO.framework/Versions/A/Resources/libTIFF.dylib
0x00007fff343ab000 	/System/Library/Frameworks/ImageIO.framework/Versions/A/Resources/libPng.dylib
0x00007fff3404a000 	/System/Library/Frameworks/ImageIO.framework/Versions/A/Resources/libGIF.dylib
0x00007fff3404e000 	/System/Library/Frameworks/ImageIO.framework/Versions/A/Resources/libJP2.dylib
0x00007fff343c6000 	/System/Library/Frameworks/ImageIO.framework/Versions/A/Resources/libRadiance.dylib
0x00007fff6629a000 	/usr/lib/libexpat.1.dylib
0x00007fff44424000 	/System/Library/PrivateFrameworks/AppleJPEG.framework/Versions/A/AppleJPEG
0x00007fff4cdb7000 	/System/Library/PrivateFrameworks/FontServices.framework/libFontParser.dylib
0x00007fff63c6c000 	/System/Library/PrivateFrameworks/WatchdogClient.framework/Versions/A/WatchdogClient
0x00007fff55312000 	/System/Library/PrivateFrameworks/IOAccelerator.framework/Versions/A/IOAccelerator
0x00007fff36787000 	/System/Library/Frameworks/MetalPerformanceShaders.framework/Versions/A/MetalPerformanceShaders
0x00007fff51b05000 	/System/Library/PrivateFrameworks/GPUWrangler.framework/Versions/A/GPUWrangler
0x00007fff5531d000 	/System/Library/PrivateFrameworks/IOPresentment.framework/Versions/A/IOPresentment
0x00007fff4a825000 	/System/Library/PrivateFrameworks/DSExternalDisplay.framework/Versions/A/DSExternalDisplay
0x00007fff3ac26000 	/System/Library/Frameworks/OpenGL.framework/Versions/A/Libraries/libCoreFSCache.dylib
0x00007fff364d9000 	/System/Library/Frameworks/MetalPerformanceShaders.framework/Frameworks/MPSCore.framework/Versions/A/MPSCore
0x00007fff36516000 	/System/Library/Frameworks/MetalPerformanceShaders.framework/Frameworks/MPSImage.framework/Versions/A/MPSImage
0x00007fff365d8000 	/System/Library/Frameworks/MetalPerformanceShaders.framework/Frameworks/MPSNeuralNetwork.framework/Versions/A/MPSNeuralNetwork
0x00007fff3659d000 	/System/Library/Frameworks/MetalPerformanceShaders.framework/Frameworks/MPSMatrix.framework/Versions/A/MPSMatrix
0x00007fff36738000 	/System/Library/Frameworks/MetalPerformanceShaders.framework/Frameworks/MPSRayIntersector.framework/Versions/A/MPSRayIntersector
0x00007fff365c2000 	/System/Library/Frameworks/MetalPerformanceShaders.framework/Frameworks/MPSNDArray.framework/Versions/A/MPSNDArray
0x00007fff5714f000 	/System/Library/PrivateFrameworks/MetalTools.framework/Versions/A/MetalTools
0x00007fff4374f000 	/System/Library/PrivateFrameworks/AggregateDictionary.framework/Versions/A/AggregateDictionary
0x00007fff482da000 	/System/Library/PrivateFrameworks/CoreAnalytics.framework/Versions/A/CoreAnalytics
0x00007fff4484c000 	/System/Library/PrivateFrameworks/AppleSauce.framework/Versions/A/AppleSauce
0x00007fff6526c000 	/usr/lib/libIOReport.dylib
0x00007fff32fd7000 	/System/Library/Frameworks/CoreVideo.framework/Versions/A/CoreVideo
0x00007fff52f73000 	/System/Library/PrivateFrameworks/GraphVisualizer.framework/Versions/A/GraphVisualizer
0x00007fff4c338000 	/System/Library/PrivateFrameworks/FaceCore.framework/Versions/A/FaceCore
0x00007fff3a247000 	/System/Library/Frameworks/OpenCL.framework/Versions/A/OpenCL
0x00007fff6508e000 	/usr/lib/libFosl_dynamic.dylib
0x00007fff585fd000 	/System/Library/PrivateFrameworks/OTSVG.framework/Versions/A/OTSVG
0x00007fff2f0d4000 	/System/Library/Frameworks/ApplicationServices.framework/Versions/A/Frameworks/ATS.framework/Versions/A/Resources/libFontRegistry.dylib
0x00007fff4cf88000 	/System/Library/PrivateFrameworks/FontServices.framework/libhvf.dylib
0x00007fff3ac31000 	/System/Library/Frameworks/OpenGL.framework/Versions/A/Libraries/libGFXShared.dylib
0x00007fff3ae0e000 	/System/Library/Frameworks/OpenGL.framework/Versions/A/Libraries/libGLU.dylib
0x00007fff3ac3a000 	/System/Library/Frameworks/OpenGL.framework/Versions/A/Libraries/libGL.dylib
0x00007fff3ac45000 	/System/Library/Frameworks/OpenGL.framework/Versions/A/Libraries/libGLImage.dylib
0x00007fff3ac23000 	/System/Library/Frameworks/OpenGL.framework/Versions/A/Libraries/libCVMSPluginSupport.dylib
0x00007fff3ac2c000 	/System/Library/Frameworks/OpenGL.framework/Versions/A/Libraries/libCoreVMClient.dylib
0x00007fff66cf1000 	/usr/lib/libncurses.5.4.dylib
0x00007fff2efd0000 	/System/Library/Frameworks/ApplicationServices.framework/Versions/A/Frameworks/ATS.framework/Versions/A/ATS
0x00007fff2f19d000 	/System/Library/Frameworks/ApplicationServices.framework/Versions/A/Frameworks/ColorSyncLegacy.framework/Versions/A/ColorSyncLegacy
0x00007fff2f23c000 	/System/Library/Frameworks/ApplicationServices.framework/Versions/A/Frameworks/HIServices.framework/Versions/A/HIServices
0x00007fff2f293000 	/System/Library/Frameworks/ApplicationServices.framework/Versions/A/Frameworks/LangAnalysis.framework/Versions/A/LangAnalysis
0x00007fff2f2a2000 	/System/Library/Frameworks/ApplicationServices.framework/Versions/A/Frameworks/PrintCore.framework/Versions/A/PrintCore
0x00007fff2f2e8000 	/System/Library/Frameworks/ApplicationServices.framework/Versions/A/Frameworks/QD.framework/Versions/A/QD
0x00007fff2f2f3000 	/System/Library/Frameworks/ApplicationServices.framework/Versions/A/Frameworks/SpeechSynthesis.framework/Versions/A/SpeechSynthesis
0x00007fff2f16d000 	/System/Library/Frameworks/ApplicationServices.framework/Versions/A/Frameworks/ATSUI.framework/Versions/A/ATSUI
0x00007fff6612e000 	/usr/lib/libcups.2.dylib
0x00007fff35836000 	/System/Library/Frameworks/Kerberos.framework/Versions/A/Kerberos
0x00007fff33ab6000 	/System/Library/Frameworks/GSS.framework/Versions/A/GSS
0x00007fff67467000 	/usr/lib/libresolv.9.dylib
0x00007fff53114000 	/System/Library/PrivateFrameworks/Heimdal.framework/Versions/A/Heimdal
0x00007fff35849000 	/System/Library/Frameworks/Kerberos.framework/Versions/A/Libraries/libHeimdalProxy.dylib
0x00007fff662d8000 	/usr/lib/libheimdal-asn1.dylib
0x00007fff47780000 	/System/Library/PrivateFrameworks/CommonAuth.framework/Versions/A/CommonAuth
0x00007fff449cb000 	/System/Library/PrivateFrameworks/AssertionServices.framework/Versions/A/AssertionServices
0x00007fff4556e000 	/System/Library/PrivateFrameworks/AudioToolboxCore.framework/Versions/A/AudioToolboxCore
0x00007fff648c6000 	/System/Library/PrivateFrameworks/caulk.framework/Versions/A/caulk
0x00007fff45b2c000 	/System/Library/PrivateFrameworks/BaseBoard.framework/Versions/A/BaseBoard
0x00007fff5c722000 	/System/Library/PrivateFrameworks/RunningBoardServices.framework/Versions/A/RunningBoardServices
0x00007fff597eb000 	/System/Library/PrivateFrameworks/PersistentConnection.framework/Versions/A/PersistentConnection
0x00007fff5c171000 	/System/Library/PrivateFrameworks/ProtocolBuffer.framework/Versions/A/ProtocolBuffer
0x00007fff477a5000 	/System/Library/PrivateFrameworks/CommonUtilities.framework/Versions/A/CommonUtilities
0x00007fff45caf000 	/System/Library/PrivateFrameworks/Bom.framework/Versions/A/Bom
0x00007fff64f3b000 	/usr/lib/libAudioToolboxUtility.dylib
0x00007fff45a8a000 	/System/Library/PrivateFrameworks/Backup.framework/Versions/A/Backup
0x00007fff4a595000 	/System/Library/PrivateFrameworks/CrashReporterSupport.framework/Versions/A/CrashReporterSupport
0x00007fff5e21e000 	/System/Library/PrivateFrameworks/Sharing.framework/Versions/A/Sharing
0x00007fff4416f000 	/System/Library/PrivateFrameworks/Apple80211.framework/Versions/A/Apple80211
0x00007fff457ac000 	/System/Library/PrivateFrameworks/AuthKit.framework/Versions/A/AuthKit
0x00007fff4a2c5000 	/System/Library/PrivateFrameworks/CoreUtils.framework/Versions/A/CoreUtils
0x00007fff3301c000 	/System/Library/Frameworks/CoreWLAN.framework/Versions/A/CoreWLAN
0x00007fff33c42000 	/System/Library/Frameworks/IOBluetooth.framework/Versions/A/IOBluetooth
0x00007fff5744d000 	/System/Library/PrivateFrameworks/MobileKeyBag.framework/Versions/A/MobileKeyBag
0x00007fff49390000 	/System/Library/PrivateFrameworks/CorePhoneNumbers.framework/Versions/A/CorePhoneNumbers
0x00007fff443d7000 	/System/Library/PrivateFrameworks/AppleIDAuthSupport.framework/Versions/A/AppleIDAuthSupport
0x00007fff376db000 	/System/Library/Frameworks/Network.framework/Versions/A/Network
0x00007fff55b0d000 	/System/Library/PrivateFrameworks/KeychainCircle.framework/Versions/A/KeychainCircle
0x00007fff30a90000 	/System/Library/Frameworks/CoreBluetooth.framework/Versions/A/CoreBluetooth
0x00007fff5fe9a000 	/System/Library/PrivateFrameworks/SpeechRecognitionCore.framework/Versions/A/SpeechRecognitionCore
0x000000010dc00000 	/usr/local/Cellar/openjdk@8/1.8.0+275/libexec/openjdk.jdk/Contents/Home/jre/lib/server/libjvm.dylib
0x000000010c095000 	/usr/local/Cellar/openjdk@8/1.8.0+275/libexec/openjdk.jdk/Contents/Home/jre/lib/libverify.dylib
0x000000010c0a9000 	/usr/local/Cellar/openjdk@8/1.8.0+275/libexec/openjdk.jdk/Contents/Home/jre/lib/libjava.dylib
0x000000010c129000 	/usr/local/Cellar/openjdk@8/1.8.0+275/libexec/openjdk.jdk/Contents/Home/jre/lib/libinstrument.dylib
0x000000010c18e000 	/usr/local/Cellar/openjdk@8/1.8.0+275/libexec/openjdk.jdk/Contents/Home/jre/lib/libzip.dylib
0x000000012983f000 	/usr/local/Cellar/openjdk@8/1.8.0+275/libexec/openjdk.jdk/Contents/Home/jre/lib/libnio.dylib
0x0000000129857000 	/usr/local/Cellar/openjdk@8/1.8.0+275/libexec/openjdk.jdk/Contents/Home/jre/lib/libnet.dylib
0x000000012aeab000 	/usr/local/Cellar/openjdk@8/1.8.0+275/libexec/openjdk.jdk/Contents/Home/jre/lib/libmanagement.dylib
0x000000012b66b000 	/usr/local/Cellar/openjdk@8/1.8.0+275/libexec/openjdk.jdk/Contents/Home/jre/lib/libsunec.dylib
0x000000012bfe4000 	/private/var/folders/7t/vtfz5nr54_bd4tgv2kddpx1h0000gn/T/liblz4-java1172381918004744417.dylib
0x000000012cd56000 	/private/var/folders/7t/vtfz5nr54_bd4tgv2kddpx1h0000gn/T/jna-1469711820/jna8065569557821262929.tmp
0x00007fff35831000 	/System/Library/Frameworks/JavaVM.framework/Versions/A/JavaVM
0x00007fff55970000 	/System/Library/PrivateFrameworks/JavaLaunching.framework/Versions/A/JavaLaunching

VM Arguments:
jvm_args: -Xloggc:/usr/local/Cellar/cassandra/3.11.9_1/libexec/logs/gc.log -ea -XX:+UseThreadPriorities -XX:ThreadPriorityPolicy=42 -XX:+HeapDumpOnOutOfMemoryError -Xss256k -XX:StringTableSize=1000003 -XX:+AlwaysPreTouch -XX:-UseBiasedLocking -XX:+UseTLAB -XX:+ResizeTLAB -XX:+UseNUMA -XX:+PerfDisableSharedMem -Djava.net.preferIPv4Stack=true -XX:+UseParNewGC -XX:+UseConcMarkSweepGC -XX:+CMSParallelRemarkEnabled -XX:SurvivorRatio=8 -XX:MaxTenuringThreshold=1 -XX:CMSInitiatingOccupancyFraction=75 -XX:+UseCMSInitiatingOccupancyOnly -XX:CMSWaitDuration=10000 -XX:+CMSParallelInitialMarkEnabled -XX:+CMSEdenChunksRecordAlways -XX:+CMSClassUnloadingEnabled -XX:+PrintGCDetails -XX:+PrintGCDateStamps -XX:+PrintHeapAtGC -XX:+PrintTenuringDistribution -XX:+PrintGCApplicationStoppedTime -XX:+PrintPromotionFailure -XX:+UseGCLogFileRotation -XX:NumberOfGCLogFiles=10 -XX:GCLogFileSize=10M -Xms4096M -Xmx4096M -Xmn1024M -XX:+UseCondCardMark -XX:CompileCommandFile=/usr/local/etc/cassandra/hotspot_compiler -javaagent:/usr/local/Cellar/cassandra/3.11.9_1/libexec/jamm-0.3.0.jar -Dcassandra.jmx.local.port=7199 -Dcom.sun.management.jmxremote.authenticate=false -Dcom.sun.management.jmxremote.password.file=/etc/cassandra/jmxremote.password -Djava.library.path=/usr/local/Cellar/cassandra/3.11.9_1/libexec/sigar-bin -Dcassandra.libjemalloc=/usr/local/lib/libjemalloc.dylib -XX:OnOutOfMemoryError=kill -9 %p -Dlogback.configurationFile=logback.xml -Dcassandra.logdir=/usr/local/var/log/cassandra -Dcassandra.storagedir=/usr/local/var/lib/cassandra -Dcassandra-foreground=yes 
java_command: org.apache.cassandra.service.CassandraDaemon
java_class_path (initial): /usr/local/etc/cassandra:/usr/local/Cellar/cassandra/3.11.9_1/libexec/build/classes/main:/usr/local/Cellar/cassandra/3.11.9_1/libexec/build/classes/thrift:/usr/local/Cellar/cassandra/3.11.9_1/libexec/HdrHistogram-2.1.9.jar:/usr/local/Cellar/cassandra/3.11.9_1/libexec/ST4-4.0.8.jar:/usr/local/Cellar/cassandra/3.11.9_1/libexec/airline-0.6.jar:/usr/local/Cellar/cassandra/3.11.9_1/libexec/antlr-runtime-3.5.2.jar:/usr/local/Cellar/cassandra/3.11.9_1/libexec/apache-cassandra-3.11.9.jar:/usr/local/Cellar/cassandra/3.11.9_1/libexec/apache-cassandra-thrift-3.11.9.jar:/usr/local/Cellar/cassandra/3.11.9_1/libexec/asm-5.0.4.jar:/usr/local/Cellar/cassandra/3.11.9_1/libexec/caffeine-2.2.6.jar:/usr/local/Cellar/cassandra/3.11.9_1/libexec/cassandra-driver-core-3.0.1-shaded.jar:/usr/local/Cellar/cassandra/3.11.9_1/libexec/commons-cli-1.1.jar:/usr/local/Cellar/cassandra/3.11.9_1/libexec/commons-codec-1.9.jar:/usr/local/Cellar/cassandra/3.11.9_1/libexec/commons-lang3-3.1.jar:/usr/local/Cellar/cassandra/3.11.9_1/libexec/commons-math3-3.2.jar:/usr/local/Cellar/cassandra/3.11.9_1/libexec/compress-lzf-0.8.4.jar:/usr/local/Cellar/cassandra/3.11.9_1/libexec/concurrent-trees-2.4.0.jar:/usr/local/Cellar/cassandra/3.11.9_1/libexec/concurrentlinkedhashmap-lru-1.4.jar:/usr/local/Cellar/cassandra/3.11.9_1/libexec/disruptor-3.0.1.jar:/usr/local/Cellar/cassandra/3.11.9_1/libexec/ecj-4.4.2.jar:/usr/local/Cellar/cassandra/3.11.9_1/libexec/guava-18.0.jar:/usr/local/Cellar/cassandra/3.11.9_1/libexec/high-scale-lib-1.0.6.jar:/usr/local/Cellar/cassandra/3.11.9_1/libexec/hppc-0.5.4.jar:/usr/local/Cellar/cassandra/3.11.9_1/libexec/jackson-annotations-2.9.10.jar:/usr/local/Cellar/cassandra/3.11.9_1/libexec/jackson-core-2.9.10.jar:/usr/local/Cellar/cassandra/3.11.9_1/libexec/jackson-databind-2.9.10.4.jar:/usr/local/Cellar/cassandra/3.11.9_1/libexec/jamm-0.3.0.jar:/usr/local/Cellar/cassandra/3.11.9_1/libexec/javax.inject.jar:/usr/local/Cellar/cassandra/3.11.9_1/libexec/jbcrypt-0.3
Launcher Type: SUN_STANDARD

Environment Variables:
PATH=/usr/local/opt/openjdk/bin:/Users/ishaansehgal/.cabal/bin:/Users/ishaansehgal/.ghcup/bin:/Users/ishaansehgal/.cabal/bin:/Users/ishaansehgal/.ghcup/bin:/usr/local/bin:/usr/bin:/bin:/usr/sbin:/sbin:/Library/TeX/texbin:/usr/local/go/bin:/usr/local/share/dotnet:/opt/X11/bin:~/.dotnet/tools:/Library/Frameworks/Mono.framework/Versions/Current/Commands:/Applications/Xamarin Workbooks.app/Contents/SharedSupport/path-bin
SHELL=/bin/zsh
DISPLAY=/private/tmp/com.apple.launchd.HCa1A3O5oN/org.macosforge.xquartz:0
DYLD_INSERT_LIBRARIES=/usr/local/lib/libjemalloc.dylib

Signal Handlers:
SIGSEGV: [libjvm.dylib+0x58b203], sa_mask[0]=11111111011111110111111111111111, sa_flags=SA_ONSTACK|SA_RESTART|SA_SIGINFO
SIGBUS: [libjvm.dylib+0x58b203], sa_mask[0]=11111111011111110111111111111111, sa_flags=SA_RESTART|SA_SIGINFO
SIGFPE: [libjvm.dylib+0x4869f7], sa_mask[0]=11111111011111110111111111111111, sa_flags=SA_RESTART|SA_SIGINFO
SIGPIPE: [libjvm.dylib+0x4869f7], sa_mask[0]=11111111011111110111111111111111, sa_flags=SA_RESTART|SA_SIGINFO
SIGXFSZ: [libjvm.dylib+0x4869f7], sa_mask[0]=11111111011111110111111111111111, sa_flags=SA_RESTART|SA_SIGINFO
SIGILL: [libjvm.dylib+0x4869f7], sa_mask[0]=11111111011111110111111111111111, sa_flags=SA_RESTART|SA_SIGINFO
SIGUSR1: SIG_DFL, sa_mask[0]=00000000000000000000000000000000, sa_flags=SA_RESTART
SIGUSR2: [libjvm.dylib+0x4872cd], sa_mask[0]=00000000000000000000000000000000, sa_flags=SA_RESTART|SA_SIGINFO
SIGHUP: [libjvm.dylib+0x4854bd], sa_mask[0]=11111111011111110111111111111111, sa_flags=SA_RESTART|SA_SIGINFO
SIGINT: [libjvm.dylib+0x4854bd], sa_mask[0]=11111111011111110111111111111111, sa_flags=SA_RESTART|SA_SIGINFO
SIGTERM: [libjvm.dylib+0x4854bd], sa_mask[0]=11111111011111110111111111111111, sa_flags=SA_RESTART|SA_SIGINFO
SIGQUIT: [libjvm.dylib+0x4854bd], sa_mask[0]=11111111011111110111111111111111, sa_flags=SA_RESTART|SA_SIGINFO


---------------  S Y S T E M  ---------------

OS:Bsduname:Darwin 19.3.0 Darwin Kernel Version 19.3.0: Thu Jan  9 20:58:23 PST 2020; root:xnu-6153.81.5~1/RELEASE_X86_64 x86_64
rlimit: STACK 8192k, CORE 0k, NPROC 2784, NOFILE 10240, AS infinity
load average:2.87 2.46 2.53

CPU:total 12 (initial active 12) (6 cores per cpu, 2 threads per core) family 6 model 158 stepping 10, cmov, cx8, fxsr, mmx, sse, sse2, sse3, ssse3, sse4.1, sse4.2, popcnt, avx, avx2, aes, clmul, erms, 3dnowpref, lzcnt, ht, tsc, tscinvbit, bmi1, bmi2, adx

Memory: 4k page, physical 16777216k(108552k free)

/proc/meminfo:


vm_info: OpenJDK 64-Bit Server VM (25.275-b00) for bsd-amd64 JRE (1.8.0_275-bre_2020_11_16_16_29-b00), built on Nov 16 2020 16:34:49 by "brew" with gcc Apple LLVM 12.0.0 (clang-1200.0.32.27)

time: Wed Mar 17 17:28:53 2021
timezone: CDT
elapsed time: 3.435758 seconds (0d 0h 0m 3s)

